0 info it worked if it ends with ok
1 verbose cli [ 'C:\\Program Files\\nodejs\\node.exe',
1 verbose cli   'C:\\Program Files\\nodejs\\node_modules\\npm\\bin\\npm-cli.js',
1 verbose cli   'install',
1 verbose cli   'xml2json' ]
2 info using npm@3.10.10
3 info using node@v6.11.0
4 silly loadCurrentTree Starting
5 silly install loadCurrentTree
6 silly install readLocalPackageData
7 silly fetchPackageMetaData xml2json
8 silly fetchNamedPackageData xml2json
9 silly mapToRegistry name xml2json
10 silly mapToRegistry using default registry
11 silly mapToRegistry registry https://registry.npmjs.org/
12 silly mapToRegistry data Result {
12 silly mapToRegistry   raw: 'xml2json',
12 silly mapToRegistry   scope: null,
12 silly mapToRegistry   escapedName: 'xml2json',
12 silly mapToRegistry   name: 'xml2json',
12 silly mapToRegistry   rawSpec: '',
12 silly mapToRegistry   spec: 'latest',
12 silly mapToRegistry   type: 'tag' }
13 silly mapToRegistry uri https://registry.npmjs.org/xml2json
14 verbose request uri https://registry.npmjs.org/xml2json
15 verbose request no auth needed
16 info attempt registry request try #1 at 11:48:51 AM
17 verbose request id ae1c6ec9798b04da
18 verbose etag W/"59434552-a399"
19 verbose lastModified Fri, 16 Jun 2017 02:41:22 GMT
20 http request GET https://registry.npmjs.org/xml2json
21 http 304 https://registry.npmjs.org/xml2json
22 verbose headers { date: 'Fri, 14 Jul 2017 10:48:51 GMT',
22 verbose headers   via: '1.1 varnish',
22 verbose headers   'cache-control': 'max-age=300',
22 verbose headers   etag: 'W/"59434552-a399"',
22 verbose headers   age: '231',
22 verbose headers   connection: 'keep-alive',
22 verbose headers   'x-served-by': 'cache-lcy1133-LCY',
22 verbose headers   'x-cache': 'HIT',
22 verbose headers   'x-cache-hits': '1',
22 verbose headers   'x-timer': 'S1500029331.221273,VS0,VE0',
22 verbose headers   vary: 'Accept-Encoding, Accept' }
23 silly get cb [ 304,
23 silly get   { date: 'Fri, 14 Jul 2017 10:48:51 GMT',
23 silly get     via: '1.1 varnish',
23 silly get     'cache-control': 'max-age=300',
23 silly get     etag: 'W/"59434552-a399"',
23 silly get     age: '231',
23 silly get     connection: 'keep-alive',
23 silly get     'x-served-by': 'cache-lcy1133-LCY',
23 silly get     'x-cache': 'HIT',
23 silly get     'x-cache-hits': '1',
23 silly get     'x-timer': 'S1500029331.221273,VS0,VE0',
23 silly get     vary: 'Accept-Encoding, Accept' } ]
24 verbose etag https://registry.npmjs.org/xml2json from cache
25 verbose get saving xml2json to C:\Users\MAB\AppData\Roaming\npm-cache\registry.npmjs.org\xml2json\.cache.json
26 verbose correctMkdir C:\Users\MAB\AppData\Roaming\npm-cache correctMkdir not in flight; initializing
27 silly install normalizeTree
28 silly loadCurrentTree Finishing
29 silly loadIdealTree Starting
30 silly install loadIdealTree
31 silly cloneCurrentTree Starting
32 silly install cloneCurrentTreeToIdealTree
33 silly cloneCurrentTree Finishing
34 silly loadShrinkwrap Starting
35 silly install loadShrinkwrap
36 silly loadShrinkwrap Finishing
37 silly loadAllDepsIntoIdealTree Starting
38 silly install loadAllDepsIntoIdealTree
39 silly resolveWithNewModule xml2json@0.11.0 checking installable status
40 silly cache add args [ 'xml2json', null ]
41 verbose cache add spec xml2json
42 silly cache add parsed spec Result {
42 silly cache add   raw: 'xml2json',
42 silly cache add   scope: null,
42 silly cache add   escapedName: 'xml2json',
42 silly cache add   name: 'xml2json',
42 silly cache add   rawSpec: '',
42 silly cache add   spec: 'latest',
42 silly cache add   type: 'tag' }
43 silly addNamed xml2json@latest
44 verbose addNamed "latest" is being treated as a dist-tag for xml2json
45 info addNameTag [ 'xml2json', 'latest' ]
46 silly mapToRegistry name xml2json
47 silly mapToRegistry using default registry
48 silly mapToRegistry registry https://registry.npmjs.org/
49 silly mapToRegistry data Result {
49 silly mapToRegistry   raw: 'xml2json',
49 silly mapToRegistry   scope: null,
49 silly mapToRegistry   escapedName: 'xml2json',
49 silly mapToRegistry   name: 'xml2json',
49 silly mapToRegistry   rawSpec: '',
49 silly mapToRegistry   spec: 'latest',
49 silly mapToRegistry   type: 'tag' }
50 silly mapToRegistry uri https://registry.npmjs.org/xml2json
51 verbose addNameTag registry:https://registry.npmjs.org/xml2json not in flight; fetching
52 verbose get https://registry.npmjs.org/xml2json not expired, no request
53 silly addNameTag next cb for xml2json with tag latest
54 silly addNamed xml2json@0.11.0
55 verbose addNamed "0.11.0" is a plain semver version for xml2json
56 silly cache afterAdd xml2json@0.11.0
57 verbose afterAdd C:\Users\MAB\AppData\Roaming\npm-cache\xml2json\0.11.0\package\package.json not in flight; writing
58 verbose correctMkdir C:\Users\MAB\AppData\Roaming\npm-cache correctMkdir not in flight; initializing
59 verbose afterAdd C:\Users\MAB\AppData\Roaming\npm-cache\xml2json\0.11.0\package\package.json written
60 silly fetchNamedPackageData hoek
61 silly mapToRegistry name hoek
62 silly mapToRegistry using default registry
63 silly mapToRegistry registry https://registry.npmjs.org/
64 silly mapToRegistry data Result {
64 silly mapToRegistry   raw: 'hoek',
64 silly mapToRegistry   scope: null,
64 silly mapToRegistry   escapedName: 'hoek',
64 silly mapToRegistry   name: 'hoek',
64 silly mapToRegistry   rawSpec: '',
64 silly mapToRegistry   spec: 'latest',
64 silly mapToRegistry   type: 'tag' }
65 silly mapToRegistry uri https://registry.npmjs.org/hoek
66 silly fetchNamedPackageData node-expat
67 silly mapToRegistry name node-expat
68 silly mapToRegistry using default registry
69 silly mapToRegistry registry https://registry.npmjs.org/
70 silly mapToRegistry data Result {
70 silly mapToRegistry   raw: 'node-expat',
70 silly mapToRegistry   scope: null,
70 silly mapToRegistry   escapedName: 'node-expat',
70 silly mapToRegistry   name: 'node-expat',
70 silly mapToRegistry   rawSpec: '',
70 silly mapToRegistry   spec: 'latest',
70 silly mapToRegistry   type: 'tag' }
71 silly mapToRegistry uri https://registry.npmjs.org/node-expat
72 verbose request uri https://registry.npmjs.org/node-expat
73 verbose request no auth needed
74 info attempt registry request try #1 at 11:48:51 AM
75 verbose etag W/"595d50c1-104e9"
76 verbose lastModified Wed, 05 Jul 2017 20:49:05 GMT
77 http request GET https://registry.npmjs.org/node-expat
78 verbose request uri https://registry.npmjs.org/hoek
79 verbose request no auth needed
80 info attempt registry request try #1 at 11:48:51 AM
81 verbose etag W/"58f1db8a-1b496"
82 verbose lastModified Sat, 15 Apr 2017 08:36:26 GMT
83 http request GET https://registry.npmjs.org/hoek
84 http 304 https://registry.npmjs.org/node-expat
85 verbose headers { date: 'Fri, 14 Jul 2017 10:48:51 GMT',
85 verbose headers   via: '1.1 varnish',
85 verbose headers   'cache-control': 'max-age=300',
85 verbose headers   etag: 'W/"595d50c1-104e9"',
85 verbose headers   age: '231',
85 verbose headers   connection: 'keep-alive',
85 verbose headers   'x-served-by': 'cache-lcy1133-LCY',
85 verbose headers   'x-cache': 'HIT',
85 verbose headers   'x-cache-hits': '1',
85 verbose headers   'x-timer': 'S1500029331.424057,VS0,VE0',
85 verbose headers   vary: 'Accept-Encoding, Accept' }
86 silly get cb [ 304,
86 silly get   { date: 'Fri, 14 Jul 2017 10:48:51 GMT',
86 silly get     via: '1.1 varnish',
86 silly get     'cache-control': 'max-age=300',
86 silly get     etag: 'W/"595d50c1-104e9"',
86 silly get     age: '231',
86 silly get     connection: 'keep-alive',
86 silly get     'x-served-by': 'cache-lcy1133-LCY',
86 silly get     'x-cache': 'HIT',
86 silly get     'x-cache-hits': '1',
86 silly get     'x-timer': 'S1500029331.424057,VS0,VE0',
86 silly get     vary: 'Accept-Encoding, Accept' } ]
87 verbose etag https://registry.npmjs.org/node-expat from cache
88 verbose get saving node-expat to C:\Users\MAB\AppData\Roaming\npm-cache\registry.npmjs.org\node-expat\.cache.json
89 verbose correctMkdir C:\Users\MAB\AppData\Roaming\npm-cache correctMkdir not in flight; initializing
90 silly resolveWithNewModule node-expat@2.3.16 checking installable status
91 silly cache add args [ 'node-expat@^2.3.15', null ]
92 verbose cache add spec node-expat@^2.3.15
93 silly cache add parsed spec Result {
93 silly cache add   raw: 'node-expat@^2.3.15',
93 silly cache add   scope: null,
93 silly cache add   escapedName: 'node-expat',
93 silly cache add   name: 'node-expat',
93 silly cache add   rawSpec: '^2.3.15',
93 silly cache add   spec: '>=2.3.15 <3.0.0',
93 silly cache add   type: 'range' }
94 silly addNamed node-expat@>=2.3.15 <3.0.0
95 verbose addNamed ">=2.3.15 <3.0.0" is a valid semver range for node-expat
96 silly addNameRange { name: 'node-expat', range: '>=2.3.15 <3.0.0', hasData: false }
97 silly mapToRegistry name node-expat
98 silly mapToRegistry using default registry
99 silly mapToRegistry registry https://registry.npmjs.org/
100 silly mapToRegistry data Result {
100 silly mapToRegistry   raw: 'node-expat',
100 silly mapToRegistry   scope: null,
100 silly mapToRegistry   escapedName: 'node-expat',
100 silly mapToRegistry   name: 'node-expat',
100 silly mapToRegistry   rawSpec: '',
100 silly mapToRegistry   spec: 'latest',
100 silly mapToRegistry   type: 'tag' }
101 silly mapToRegistry uri https://registry.npmjs.org/node-expat
102 verbose addNameRange registry:https://registry.npmjs.org/node-expat not in flight; fetching
103 http 304 https://registry.npmjs.org/hoek
104 verbose headers { date: 'Fri, 14 Jul 2017 10:48:51 GMT',
104 verbose headers   via: '1.1 varnish',
104 verbose headers   'cache-control': 'max-age=300',
104 verbose headers   etag: 'W/"58f1db8a-1b496"',
104 verbose headers   age: '58',
104 verbose headers   connection: 'keep-alive',
104 verbose headers   'x-served-by': 'cache-lcy1144-LCY',
104 verbose headers   'x-cache': 'HIT',
104 verbose headers   'x-cache-hits': '1',
104 verbose headers   'x-timer': 'S1500029331.436717,VS0,VE0',
104 verbose headers   vary: 'Accept-Encoding' }
105 silly get cb [ 304,
105 silly get   { date: 'Fri, 14 Jul 2017 10:48:51 GMT',
105 silly get     via: '1.1 varnish',
105 silly get     'cache-control': 'max-age=300',
105 silly get     etag: 'W/"58f1db8a-1b496"',
105 silly get     age: '58',
105 silly get     connection: 'keep-alive',
105 silly get     'x-served-by': 'cache-lcy1144-LCY',
105 silly get     'x-cache': 'HIT',
105 silly get     'x-cache-hits': '1',
105 silly get     'x-timer': 'S1500029331.436717,VS0,VE0',
105 silly get     vary: 'Accept-Encoding' } ]
106 verbose etag https://registry.npmjs.org/hoek from cache
107 verbose get saving hoek to C:\Users\MAB\AppData\Roaming\npm-cache\registry.npmjs.org\hoek\.cache.json
108 verbose correctMkdir C:\Users\MAB\AppData\Roaming\npm-cache correctMkdir not in flight; initializing
109 verbose get https://registry.npmjs.org/node-expat not expired, no request
110 silly addNameRange number 2 { name: 'node-expat', range: '>=2.3.15 <3.0.0', hasData: true }
111 silly addNameRange versions [ 'node-expat',
111 silly addNameRange   [ '0.0.4',
111 silly addNameRange     '0.0.5',
111 silly addNameRange     '0.0.6',
111 silly addNameRange     '1.0.0',
111 silly addNameRange     '1.0.1',
111 silly addNameRange     '1.1.0',
111 silly addNameRange     '1.1.1',
111 silly addNameRange     '1.2.0',
111 silly addNameRange     '1.3.0',
111 silly addNameRange     '1.3.1',
111 silly addNameRange     '1.3.2',
111 silly addNameRange     '1.4.0',
111 silly addNameRange     '1.4.1',
111 silly addNameRange     '1.4.2',
111 silly addNameRange     '1.4.3',
111 silly addNameRange     '1.4.4',
111 silly addNameRange     '1.4.5',
111 silly addNameRange     '1.5.0',
111 silly addNameRange     '1.6.0',
111 silly addNameRange     '1.6.1',
111 silly addNameRange     '2.0.0',
111 silly addNameRange     '2.1.0',
111 silly addNameRange     '2.1.1',
111 silly addNameRange     '2.1.2',
111 silly addNameRange     '2.1.3',
111 silly addNameRange     '2.1.4',
111 silly addNameRange     '2.2.0',
111 silly addNameRange     '2.3.0',
111 silly addNameRange     '2.3.1',
111 silly addNameRange     '2.3.2',
111 silly addNameRange     '2.3.3',
111 silly addNameRange     '2.3.4',
111 silly addNameRange     '2.3.5',
111 silly addNameRange     '2.3.6',
111 silly addNameRange     '2.3.7',
111 silly addNameRange     '2.3.8',
111 silly addNameRange     '2.3.9',
111 silly addNameRange     '2.3.10',
111 silly addNameRange     '2.3.11',
111 silly addNameRange     '2.3.12',
111 silly addNameRange     '2.3.13',
111 silly addNameRange     '2.3.14',
111 silly addNameRange     '2.3.15',
111 silly addNameRange     '2.3.16' ] ]
112 silly addNamed node-expat@2.3.16
113 verbose addNamed "2.3.16" is a plain semver version for node-expat
114 silly cache afterAdd node-expat@2.3.16
115 verbose afterAdd C:\Users\MAB\AppData\Roaming\npm-cache\node-expat\2.3.16\package\package.json not in flight; writing
116 verbose correctMkdir C:\Users\MAB\AppData\Roaming\npm-cache correctMkdir not in flight; initializing
117 silly resolveWithNewModule hoek@4.1.1 checking installable status
118 silly cache add args [ 'hoek@^4.0.1', null ]
119 verbose cache add spec hoek@^4.0.1
120 silly cache add parsed spec Result {
120 silly cache add   raw: 'hoek@^4.0.1',
120 silly cache add   scope: null,
120 silly cache add   escapedName: 'hoek',
120 silly cache add   name: 'hoek',
120 silly cache add   rawSpec: '^4.0.1',
120 silly cache add   spec: '>=4.0.1 <5.0.0',
120 silly cache add   type: 'range' }
121 silly addNamed hoek@>=4.0.1 <5.0.0
122 verbose addNamed ">=4.0.1 <5.0.0" is a valid semver range for hoek
123 silly addNameRange { name: 'hoek', range: '>=4.0.1 <5.0.0', hasData: false }
124 silly mapToRegistry name hoek
125 silly mapToRegistry using default registry
126 silly mapToRegistry registry https://registry.npmjs.org/
127 silly mapToRegistry data Result {
127 silly mapToRegistry   raw: 'hoek',
127 silly mapToRegistry   scope: null,
127 silly mapToRegistry   escapedName: 'hoek',
127 silly mapToRegistry   name: 'hoek',
127 silly mapToRegistry   rawSpec: '',
127 silly mapToRegistry   spec: 'latest',
127 silly mapToRegistry   type: 'tag' }
128 silly mapToRegistry uri https://registry.npmjs.org/hoek
129 verbose addNameRange registry:https://registry.npmjs.org/hoek not in flight; fetching
130 verbose get https://registry.npmjs.org/hoek not expired, no request
131 silly addNameRange number 2 { name: 'hoek', range: '>=4.0.1 <5.0.0', hasData: true }
132 silly addNameRange versions [ 'hoek',
132 silly addNameRange   [ '0.0.1',
132 silly addNameRange     '0.0.2',
132 silly addNameRange     '0.0.3',
132 silly addNameRange     '0.0.4',
132 silly addNameRange     '0.0.5',
132 silly addNameRange     '0.0.6',
132 silly addNameRange     '0.0.7',
132 silly addNameRange     '0.0.8',
132 silly addNameRange     '0.0.9',
132 silly addNameRange     '0.0.10',
132 silly addNameRange     '0.0.11',
132 silly addNameRange     '0.0.12',
132 silly addNameRange     '0.0.13',
132 silly addNameRange     '0.0.14',
132 silly addNameRange     '0.0.15',
132 silly addNameRange     '0.0.16',
132 silly addNameRange     '0.0.17',
132 silly addNameRange     '0.0.18',
132 silly addNameRange     '0.0.19',
132 silly addNameRange     '0.0.21',
132 silly addNameRange     '0.1.0',
132 silly addNameRange     '0.2.0',
132 silly addNameRange     '0.3.0',
132 silly addNameRange     '0.4.0',
132 silly addNameRange     '0.4.1',
132 silly addNameRange     '0.4.2',
132 silly addNameRange     '0.4.3',
132 silly addNameRange     '0.4.4',
132 silly addNameRange     '0.4.5',
132 silly addNameRange     '0.5.0',
132 silly addNameRange     '0.6.0',
132 silly addNameRange     '0.6.1',
132 silly addNameRange     '0.6.2',
132 silly addNameRange     '0.7.0',
132 silly addNameRange     '0.7.1',
132 silly addNameRange     '0.7.2',
132 silly addNameRange     '0.7.3',
132 silly addNameRange     '0.7.4',
132 silly addNameRange     '0.7.5',
132 silly addNameRange     '0.7.6',
132 silly addNameRange     '0.8.0',
132 silly addNameRange     '0.8.1',
132 silly addNameRange     '0.8.2',
132 silly addNameRange     '0.8.3',
132 silly addNameRange     '0.8.4',
132 silly addNameRange     '0.8.5',
132 silly addNameRange     '0.9.0',
132 silly addNameRange     '0.9.1',
132 silly addNameRange     '0.10.0',
132 silly addNameRange     '1.0.0',
132 silly addNameRange     '1.0.1',
132 silly addNameRange     '1.0.2',
132 silly addNameRange     '1.0.3',
132 silly addNameRange     '1.1.0',
132 silly addNameRange     '1.1.1',
132 silly addNameRange     '1.1.2',
132 silly addNameRange     '1.2.0',
132 silly addNameRange     '1.3.0',
132 silly addNameRange     '1.4.0',
132 silly addNameRange     '1.4.1',
132 silly addNameRange     '1.5.0',
132 silly addNameRange     '1.5.1',
132 silly addNameRange     '1.5.2',
132 silly addNameRange     '2.0.0',
132 silly addNameRange     '2.1.0',
132 silly addNameRange     '2.1.1',
132 silly addNameRange     '2.2.0',
132 silly addNameRange     '2.3.0',
132 silly addNameRange     '2.4.0',
132 silly addNameRange     '2.4.1',
132 silly addNameRange     '2.5.0',
132 silly addNameRange     '2.5.1',
132 silly addNameRange     '2.6.0',
132 silly addNameRange     '2.7.0',
132 silly addNameRange     '2.8.0',
132 silly addNameRange     '2.8.1',
132 silly addNameRange     '2.9.0',
132 silly addNameRange     '2.9.1',
132 silly addNameRange     '2.10.0',
132 silly addNameRange     '2.11.0',
132 silly addNameRange     '2.11.1',
132 silly addNameRange     '2.12.0',
132 silly addNameRange     '2.13.0',
132 silly addNameRange     '2.13.1',
132 silly addNameRange     '2.14.0',
132 silly addNameRange     '2.15.0',
132 silly addNameRange     '2.16.0',
132 silly addNameRange     '2.16.1',
132 silly addNameRange     '2.16.2',
132 silly addNameRange     '2.16.3',
132 silly addNameRange     '3.0.0',
132 silly addNameRange     '3.0.1',
132 silly addNameRange     '3.0.2',
132 silly addNameRange     '3.0.3',
132 silly addNameRange     '3.0.4',
132 silly addNameRange     '4.0.0',
132 silly addNameRange     '4.0.1',
132 silly addNameRange     '4.0.2',
132 silly addNameRange     '4.1.0',
132 silly addNameRange     '4.1.1' ] ]
133 silly addNamed hoek@4.1.1
134 verbose addNamed "4.1.1" is a plain semver version for hoek
135 verbose afterAdd C:\Users\MAB\AppData\Roaming\npm-cache\node-expat\2.3.16\package\package.json written
136 silly cache afterAdd hoek@4.1.1
137 verbose afterAdd C:\Users\MAB\AppData\Roaming\npm-cache\hoek\4.1.1\package\package.json not in flight; writing
138 verbose correctMkdir C:\Users\MAB\AppData\Roaming\npm-cache correctMkdir not in flight; initializing
139 verbose afterAdd C:\Users\MAB\AppData\Roaming\npm-cache\hoek\4.1.1\package\package.json written
140 silly fetchNamedPackageData bindings
141 silly mapToRegistry name bindings
142 silly mapToRegistry using default registry
143 silly mapToRegistry registry https://registry.npmjs.org/
144 silly mapToRegistry data Result {
144 silly mapToRegistry   raw: 'bindings',
144 silly mapToRegistry   scope: null,
144 silly mapToRegistry   escapedName: 'bindings',
144 silly mapToRegistry   name: 'bindings',
144 silly mapToRegistry   rawSpec: '',
144 silly mapToRegistry   spec: 'latest',
144 silly mapToRegistry   type: 'tag' }
145 silly mapToRegistry uri https://registry.npmjs.org/bindings
146 silly fetchNamedPackageData nan
147 silly mapToRegistry name nan
148 silly mapToRegistry using default registry
149 silly mapToRegistry registry https://registry.npmjs.org/
150 silly mapToRegistry data Result {
150 silly mapToRegistry   raw: 'nan',
150 silly mapToRegistry   scope: null,
150 silly mapToRegistry   escapedName: 'nan',
150 silly mapToRegistry   name: 'nan',
150 silly mapToRegistry   rawSpec: '',
150 silly mapToRegistry   spec: 'latest',
150 silly mapToRegistry   type: 'tag' }
151 silly mapToRegistry uri https://registry.npmjs.org/nan
152 verbose request uri https://registry.npmjs.org/bindings
153 verbose request no auth needed
154 info attempt registry request try #1 at 11:48:51 AM
155 verbose etag W/"59234f99-46bf"
156 verbose lastModified Mon, 22 May 2017 20:52:41 GMT
157 http request GET https://registry.npmjs.org/bindings
158 verbose request uri https://registry.npmjs.org/nan
159 verbose request no auth needed
160 info attempt registry request try #1 at 11:48:51 AM
161 verbose etag W/"592dfb8f-1f9f8"
162 verbose lastModified Tue, 30 May 2017 23:09:03 GMT
163 http request GET https://registry.npmjs.org/nan
164 http 304 https://registry.npmjs.org/bindings
165 verbose headers { date: 'Fri, 14 Jul 2017 10:48:51 GMT',
165 verbose headers   via: '1.1 varnish',
165 verbose headers   'cache-control': 'max-age=300',
165 verbose headers   etag: 'W/"59234f99-46bf"',
165 verbose headers   age: '251',
165 verbose headers   connection: 'keep-alive',
165 verbose headers   'x-served-by': 'cache-lcy1133-LCY',
165 verbose headers   'x-cache': 'HIT',
165 verbose headers   'x-cache-hits': '1',
165 verbose headers   'x-timer': 'S1500029332.538897,VS0,VE1',
165 verbose headers   vary: 'Accept-Encoding, Accept' }
166 silly get cb [ 304,
166 silly get   { date: 'Fri, 14 Jul 2017 10:48:51 GMT',
166 silly get     via: '1.1 varnish',
166 silly get     'cache-control': 'max-age=300',
166 silly get     etag: 'W/"59234f99-46bf"',
166 silly get     age: '251',
166 silly get     connection: 'keep-alive',
166 silly get     'x-served-by': 'cache-lcy1133-LCY',
166 silly get     'x-cache': 'HIT',
166 silly get     'x-cache-hits': '1',
166 silly get     'x-timer': 'S1500029332.538897,VS0,VE1',
166 silly get     vary: 'Accept-Encoding, Accept' } ]
167 verbose etag https://registry.npmjs.org/bindings from cache
168 verbose get saving bindings to C:\Users\MAB\AppData\Roaming\npm-cache\registry.npmjs.org\bindings\.cache.json
169 verbose correctMkdir C:\Users\MAB\AppData\Roaming\npm-cache correctMkdir not in flight; initializing
170 http 304 https://registry.npmjs.org/nan
171 verbose headers { date: 'Fri, 14 Jul 2017 10:48:51 GMT',
171 verbose headers   via: '1.1 varnish',
171 verbose headers   'cache-control': 'max-age=300',
171 verbose headers   etag: 'W/"592dfb8f-1f9f8"',
171 verbose headers   age: '191',
171 verbose headers   connection: 'keep-alive',
171 verbose headers   'x-served-by': 'cache-lcy1144-LCY',
171 verbose headers   'x-cache': 'HIT',
171 verbose headers   'x-cache-hits': '3',
171 verbose headers   'x-timer': 'S1500029332.542217,VS0,VE0',
171 verbose headers   vary: 'Accept-Encoding' }
172 silly get cb [ 304,
172 silly get   { date: 'Fri, 14 Jul 2017 10:48:51 GMT',
172 silly get     via: '1.1 varnish',
172 silly get     'cache-control': 'max-age=300',
172 silly get     etag: 'W/"592dfb8f-1f9f8"',
172 silly get     age: '191',
172 silly get     connection: 'keep-alive',
172 silly get     'x-served-by': 'cache-lcy1144-LCY',
172 silly get     'x-cache': 'HIT',
172 silly get     'x-cache-hits': '3',
172 silly get     'x-timer': 'S1500029332.542217,VS0,VE0',
172 silly get     vary: 'Accept-Encoding' } ]
173 verbose etag https://registry.npmjs.org/nan from cache
174 verbose get saving nan to C:\Users\MAB\AppData\Roaming\npm-cache\registry.npmjs.org\nan\.cache.json
175 verbose correctMkdir C:\Users\MAB\AppData\Roaming\npm-cache correctMkdir not in flight; initializing
176 silly resolveWithNewModule bindings@1.2.1 checking installable status
177 silly cache add args [ 'bindings@^1.2.1', null ]
178 verbose cache add spec bindings@^1.2.1
179 silly cache add parsed spec Result {
179 silly cache add   raw: 'bindings@^1.2.1',
179 silly cache add   scope: null,
179 silly cache add   escapedName: 'bindings',
179 silly cache add   name: 'bindings',
179 silly cache add   rawSpec: '^1.2.1',
179 silly cache add   spec: '>=1.2.1 <2.0.0',
179 silly cache add   type: 'range' }
180 silly addNamed bindings@>=1.2.1 <2.0.0
181 verbose addNamed ">=1.2.1 <2.0.0" is a valid semver range for bindings
182 silly addNameRange { name: 'bindings', range: '>=1.2.1 <2.0.0', hasData: false }
183 silly mapToRegistry name bindings
184 silly mapToRegistry using default registry
185 silly mapToRegistry registry https://registry.npmjs.org/
186 silly mapToRegistry data Result {
186 silly mapToRegistry   raw: 'bindings',
186 silly mapToRegistry   scope: null,
186 silly mapToRegistry   escapedName: 'bindings',
186 silly mapToRegistry   name: 'bindings',
186 silly mapToRegistry   rawSpec: '',
186 silly mapToRegistry   spec: 'latest',
186 silly mapToRegistry   type: 'tag' }
187 silly mapToRegistry uri https://registry.npmjs.org/bindings
188 verbose addNameRange registry:https://registry.npmjs.org/bindings not in flight; fetching
189 verbose get https://registry.npmjs.org/bindings not expired, no request
190 silly addNameRange number 2 { name: 'bindings', range: '>=1.2.1 <2.0.0', hasData: true }
191 silly addNameRange versions [ 'bindings',
191 silly addNameRange   [ '0.0.1',
191 silly addNameRange     '0.1.0',
191 silly addNameRange     '0.1.1',
191 silly addNameRange     '0.2.0',
191 silly addNameRange     '0.2.1',
191 silly addNameRange     '0.2.2',
191 silly addNameRange     '0.2.3',
191 silly addNameRange     '0.2.4',
191 silly addNameRange     '0.3.0',
191 silly addNameRange     '0.4.0',
191 silly addNameRange     '1.0.0',
191 silly addNameRange     '1.1.0',
191 silly addNameRange     '1.1.1',
191 silly addNameRange     '1.2.0',
191 silly addNameRange     '1.2.1' ] ]
192 silly addNamed bindings@1.2.1
193 verbose addNamed "1.2.1" is a plain semver version for bindings
194 silly cache afterAdd bindings@1.2.1
195 verbose afterAdd C:\Users\MAB\AppData\Roaming\npm-cache\bindings\1.2.1\package\package.json not in flight; writing
196 verbose correctMkdir C:\Users\MAB\AppData\Roaming\npm-cache correctMkdir not in flight; initializing
197 silly resolveWithNewModule nan@2.6.2 checking installable status
198 silly cache add args [ 'nan@^2.3.5', null ]
199 verbose cache add spec nan@^2.3.5
200 silly cache add parsed spec Result {
200 silly cache add   raw: 'nan@^2.3.5',
200 silly cache add   scope: null,
200 silly cache add   escapedName: 'nan',
200 silly cache add   name: 'nan',
200 silly cache add   rawSpec: '^2.3.5',
200 silly cache add   spec: '>=2.3.5 <3.0.0',
200 silly cache add   type: 'range' }
201 silly addNamed nan@>=2.3.5 <3.0.0
202 verbose addNamed ">=2.3.5 <3.0.0" is a valid semver range for nan
203 silly addNameRange { name: 'nan', range: '>=2.3.5 <3.0.0', hasData: false }
204 silly mapToRegistry name nan
205 silly mapToRegistry using default registry
206 silly mapToRegistry registry https://registry.npmjs.org/
207 silly mapToRegistry data Result {
207 silly mapToRegistry   raw: 'nan',
207 silly mapToRegistry   scope: null,
207 silly mapToRegistry   escapedName: 'nan',
207 silly mapToRegistry   name: 'nan',
207 silly mapToRegistry   rawSpec: '',
207 silly mapToRegistry   spec: 'latest',
207 silly mapToRegistry   type: 'tag' }
208 silly mapToRegistry uri https://registry.npmjs.org/nan
209 verbose addNameRange registry:https://registry.npmjs.org/nan not in flight; fetching
210 verbose get https://registry.npmjs.org/nan not expired, no request
211 silly addNameRange number 2 { name: 'nan', range: '>=2.3.5 <3.0.0', hasData: true }
212 silly addNameRange versions [ 'nan',
212 silly addNameRange   [ '0.3.0-wip',
212 silly addNameRange     '0.3.0-wip2',
212 silly addNameRange     '0.3.0',
212 silly addNameRange     '0.3.1',
212 silly addNameRange     '0.3.2',
212 silly addNameRange     '0.4.0',
212 silly addNameRange     '0.4.1',
212 silly addNameRange     '0.4.2',
212 silly addNameRange     '0.4.3',
212 silly addNameRange     '0.4.4',
212 silly addNameRange     '0.5.0',
212 silly addNameRange     '0.5.1',
212 silly addNameRange     '0.5.2',
212 silly addNameRange     '0.6.0',
212 silly addNameRange     '0.7.0',
212 silly addNameRange     '0.7.1',
212 silly addNameRange     '0.8.0',
212 silly addNameRange     '1.0.0',
212 silly addNameRange     '1.1.0',
212 silly addNameRange     '1.1.1',
212 silly addNameRange     '1.1.2',
212 silly addNameRange     '1.2.0',
212 silly addNameRange     '1.3.0',
212 silly addNameRange     '1.4.0',
212 silly addNameRange     '1.4.1',
212 silly addNameRange     '1.5.0',
212 silly addNameRange     '1.4.2',
212 silly addNameRange     '1.4.3',
212 silly addNameRange     '1.5.1',
212 silly addNameRange     '1.5.2',
212 silly addNameRange     '1.6.0',
212 silly addNameRange     '1.5.3',
212 silly addNameRange     '1.6.1',
212 silly addNameRange     '1.6.2',
212 silly addNameRange     '1.7.0',
212 silly addNameRange     '1.8.0',
212 silly addNameRange     '1.8.1',
212 silly addNameRange     '1.8.2',
212 silly addNameRange     '1.8.3',
212 silly addNameRange     '1.8.4',
212 silly addNameRange     '1.9.0',
212 silly addNameRange     '2.0.0',
212 silly addNameRange     '2.0.1',
212 silly addNameRange     '2.0.2',
212 silly addNameRange     '2.0.3',
212 silly addNameRange     '2.0.4',
212 silly addNameRange     '2.0.5',
212 silly addNameRange     '2.0.6',
212 silly addNameRange     '2.0.7',
212 silly addNameRange     '2.0.8',
212 silly addNameRange     '2.0.9',
212 silly addNameRange     '2.1.0',
212 silly addNameRange     '2.2.0',
212 silly addNameRange     '2.2.1',
212 silly addNameRange     '2.3.0',
212 silly addNameRange     '2.3.1',
212 silly addNameRange     '2.3.2',
212 silly addNameRange     '2.3.3',
212 silly addNameRange     '2.3.4',
212 silly addNameRange     '2.3.5',
212 silly addNameRange     '2.4.0',
212 silly addNameRange     '2.5.0',
212 silly addNameRange     '2.5.1',
212 silly addNameRange     '2.6.0',
212 silly addNameRange     '2.6.1',
212 silly addNameRange     '2.6.2' ] ]
213 silly addNamed nan@2.6.2
214 verbose addNamed "2.6.2" is a plain semver version for nan
215 silly cache afterAdd nan@2.6.2
216 verbose afterAdd C:\Users\MAB\AppData\Roaming\npm-cache\nan\2.6.2\package\package.json not in flight; writing
217 verbose correctMkdir C:\Users\MAB\AppData\Roaming\npm-cache correctMkdir not in flight; initializing
218 verbose afterAdd C:\Users\MAB\AppData\Roaming\npm-cache\bindings\1.2.1\package\package.json written
219 verbose afterAdd C:\Users\MAB\AppData\Roaming\npm-cache\nan\2.6.2\package\package.json written
220 silly loadAllDepsIntoIdealTree Finishing
221 silly loadIdealTree Finishing
222 silly currentTree tstemplate@1.0.0
222 silly currentTree +-- @types/node@8.0.11
222 silly currentTree +-- addressparser@1.0.1
222 silly currentTree +-- agent-base@2.1.1
222 silly currentTree | `-- semver@5.0.3
222 silly currentTree +-- ajv@4.11.8
222 silly currentTree +-- amdefine@1.0.1
222 silly currentTree +-- ansi-regex@2.1.1
222 silly currentTree +-- ansi-styles@2.2.1
222 silly currentTree +-- asn1@0.2.3
222 silly currentTree +-- assert-plus@0.2.0
222 silly currentTree +-- ast-types@0.9.12
222 silly currentTree +-- async@2.1.5
222 silly currentTree +-- asynckit@0.4.0
222 silly currentTree +-- aws-sign2@0.6.0
222 silly currentTree +-- aws4@1.6.0
222 silly currentTree +-- axios@0.16.2
222 silly currentTree +-- bcrypt-pbkdf@1.0.1
222 silly currentTree +-- bl@1.1.2
222 silly currentTree +-- boom@2.10.1
222 silly currentTree +-- buildmail@4.0.1
222 silly currentTree +-- bytes@2.4.0
222 silly currentTree +-- caseless@0.12.0
222 silly currentTree +-- chalk@1.1.3
222 silly currentTree +-- co@4.6.0
222 silly currentTree +-- combined-stream@1.0.5
222 silly currentTree +-- commander@2.11.0
222 silly currentTree +-- core-util-is@1.0.2
222 silly currentTree +-- cryptiles@2.0.5
222 silly currentTree +-- dashdash@1.14.1
222 silly currentTree | `-- assert-plus@1.0.0
222 silly currentTree +-- data-uri-to-buffer@1.0.0
222 silly currentTree +-- date-format@1.1.0
222 silly currentTree +-- debug@2.6.8
222 silly currentTree +-- deep-is@0.1.3
222 silly currentTree +-- degenerator@1.0.4
222 silly currentTree +-- delayed-stream@1.0.0
222 silly currentTree +-- double-ended-queue@2.1.0-0
222 silly currentTree +-- ecc-jsbn@0.1.1
222 silly currentTree +-- escape-string-regexp@1.0.5
222 silly currentTree +-- escodegen@1.8.1
222 silly currentTree | `-- esprima@2.7.3
222 silly currentTree +-- esprima@3.1.3
222 silly currentTree +-- estraverse@1.9.3
222 silly currentTree +-- esutils@2.0.2
222 silly currentTree +-- extend@3.0.1
222 silly currentTree +-- extsprintf@1.0.2
222 silly currentTree +-- fast-levenshtein@2.0.6
222 silly currentTree +-- file-uri-to-path@1.0.0
222 silly currentTree +-- follow-redirects@1.2.4
222 silly currentTree +-- forever-agent@0.6.1
222 silly currentTree +-- form-data@2.1.4
222 silly currentTree +-- ftp@0.3.10
222 silly currentTree | +-- isarray@0.0.1
222 silly currentTree | `-- readable-stream@1.1.14
222 silly currentTree +-- generate-function@2.0.0
222 silly currentTree +-- generate-object-property@1.2.0
222 silly currentTree +-- get-uri@2.0.1
222 silly currentTree +-- getpass@0.1.7
222 silly currentTree | `-- assert-plus@1.0.0
222 silly currentTree +-- har-schema@1.0.5
222 silly currentTree +-- har-validator@4.2.1
222 silly currentTree +-- has-ansi@2.0.0
222 silly currentTree +-- hawk@3.1.3
222 silly currentTree +-- hipchat-notifier@1.1.0
222 silly currentTree +-- hoek@2.16.3
222 silly currentTree +-- http-proxy-agent@1.0.0
222 silly currentTree +-- http-signature@1.1.1
222 silly currentTree +-- httpntlm@1.6.1
222 silly currentTree +-- httpreq@0.4.24
222 silly currentTree +-- https-proxy-agent@1.0.0
222 silly currentTree +-- iconv-lite@0.4.15
222 silly currentTree +-- inflection@1.10.0
222 silly currentTree +-- inherits@2.0.3
222 silly currentTree +-- ip@1.0.1
222 silly currentTree +-- is-buffer@1.1.5
222 silly currentTree +-- is-my-json-valid@2.16.0
222 silly currentTree +-- is-property@1.0.2
222 silly currentTree +-- is-stream@1.1.0
222 silly currentTree +-- is-typedarray@1.0.0
222 silly currentTree +-- isarray@1.0.0
222 silly currentTree +-- isemail@2.2.1
222 silly currentTree +-- isstream@0.1.2
222 silly currentTree +-- items@2.1.1
222 silly currentTree +-- joi@9.2.0
222 silly currentTree | `-- hoek@4.1.1
222 silly currentTree +-- jsbn@0.1.1
222 silly currentTree +-- json-schema@0.2.3
222 silly currentTree +-- json-stable-stringify@1.0.1
222 silly currentTree +-- json-stringify-safe@5.0.1
222 silly currentTree +-- jsonify@0.0.0
222 silly currentTree +-- jsonpointer@4.0.1
222 silly currentTree +-- jsprim@1.4.0
222 silly currentTree | `-- assert-plus@1.0.0
222 silly currentTree +-- levn@0.3.0
222 silly currentTree +-- libbase64@0.1.0
222 silly currentTree +-- libmime@3.0.0
222 silly currentTree +-- libqp@1.1.0
222 silly currentTree +-- lodash@4.17.4
222 silly currentTree +-- log4js@2.0.1
222 silly currentTree | +-- axios@0.15.3
222 silly currentTree | `-- follow-redirects@1.0.0
222 silly currentTree +-- loggly@1.1.1
222 silly currentTree | +-- caseless@0.11.0
222 silly currentTree | +-- form-data@2.0.0
222 silly currentTree | +-- har-validator@2.0.6
222 silly currentTree | +-- node-uuid@1.4.8
222 silly currentTree | +-- qs@6.2.3
222 silly currentTree | +-- request@2.75.0
222 silly currentTree | `-- tunnel-agent@0.4.3
222 silly currentTree +-- lru-cache@2.6.5
222 silly currentTree +-- mailcomposer@4.0.1
222 silly currentTree +-- mailgun-js@0.7.15
222 silly currentTree | +-- debug@2.2.0
222 silly currentTree | `-- ms@0.7.1
222 silly currentTree +-- mime-db@1.27.0
222 silly currentTree +-- mime-types@2.1.15
222 silly currentTree +-- minimist@0.0.8
222 silly currentTree +-- mkdirp@0.5.1
222 silly currentTree +-- moment@2.18.1
222 silly currentTree +-- ms@2.0.0
222 silly currentTree +-- netmask@1.0.6
222 silly currentTree +-- nodemailer-direct-transport@3.3.2
222 silly currentTree +-- nodemailer-fetch@1.6.0
222 silly currentTree +-- nodemailer-shared@1.1.0
222 silly currentTree +-- nodemailer-smtp-pool@2.8.2
222 silly currentTree +-- nodemailer-smtp-transport@2.7.2
222 silly currentTree +-- nodemailer-wellknown@0.1.10
222 silly currentTree +-- nodemailer@2.7.2
222 silly currentTree | +-- ip@1.1.5
222 silly currentTree | `-- socks@1.1.9
222 silly currentTree +-- oauth-sign@0.8.2
222 silly currentTree +-- optionator@0.8.2
222 silly currentTree +-- pac-proxy-agent@1.1.0
222 silly currentTree +-- pac-resolver@2.0.0
222 silly currentTree | `-- co@3.0.6
222 silly currentTree +-- path-proxy@1.0.0
222 silly currentTree | `-- inflection@1.3.8
222 silly currentTree +-- performance-now@0.2.0
222 silly currentTree +-- pinkie-promise@2.0.1
222 silly currentTree +-- pinkie@2.0.4
222 silly currentTree +-- prelude-ls@1.1.2
222 silly currentTree +-- process-nextick-args@1.0.7
222 silly currentTree +-- proxy-agent@2.0.0
222 silly currentTree +-- punycode@1.4.1
222 silly currentTree +-- q@1.4.1
222 silly currentTree +-- qs@6.4.0
222 silly currentTree +-- raw-body@2.2.0
222 silly currentTree +-- readable-stream@2.0.6
222 silly currentTree +-- redis-commands@1.3.1
222 silly currentTree +-- redis-parser@2.6.0
222 silly currentTree +-- redis@2.7.1
222 silly currentTree +-- request@2.81.0
222 silly currentTree +-- requestretry@1.12.0
222 silly currentTree +-- safe-buffer@5.1.1
222 silly currentTree +-- sax@1.2.4
222 silly currentTree +-- semver@5.3.0
222 silly currentTree +-- slack-node@0.2.0
222 silly currentTree +-- smart-buffer@1.1.15
222 silly currentTree +-- smtp-connection@2.12.0
222 silly currentTree +-- sntp@1.0.9
222 silly currentTree +-- socks-proxy-agent@2.1.1
222 silly currentTree +-- socks@1.1.10
222 silly currentTree | `-- ip@1.1.5
222 silly currentTree +-- source-map@0.2.0
222 silly currentTree +-- sshpk@1.13.1
222 silly currentTree | `-- assert-plus@1.0.0
222 silly currentTree +-- streamroller@0.5.1
222 silly currentTree | +-- date-format@0.0.0
222 silly currentTree | +-- debug@0.7.4
222 silly currentTree | +-- readable-stream@2.3.3
222 silly currentTree | `-- string_decoder@1.0.3
222 silly currentTree +-- string_decoder@0.10.31
222 silly currentTree +-- stringstream@0.0.5
222 silly currentTree +-- strip-ansi@3.0.1
222 silly currentTree +-- supports-color@2.0.0
222 silly currentTree +-- thunkify@2.1.2
222 silly currentTree +-- timespan@2.3.0
222 silly currentTree +-- topo@2.0.2
222 silly currentTree | `-- hoek@4.1.1
222 silly currentTree +-- tough-cookie@2.3.2
222 silly currentTree +-- tsscmp@1.0.5
222 silly currentTree +-- tunnel-agent@0.6.0
222 silly currentTree +-- tweetnacl@0.14.5
222 silly currentTree +-- type-check@0.3.2
222 silly currentTree +-- underscore@1.7.0
222 silly currentTree +-- unpipe@1.0.0
222 silly currentTree +-- util-deprecate@1.0.2
222 silly currentTree +-- uuid@3.1.0
222 silly currentTree +-- verror@1.3.6
222 silly currentTree +-- when@3.7.8
222 silly currentTree +-- wordwrap@1.0.0
222 silly currentTree +-- xml2js@0.4.17
222 silly currentTree +-- xmlbuilder@4.2.1
222 silly currentTree +-- xmlhttprequest@1.8.0
222 silly currentTree +-- xregexp@2.0.0
222 silly currentTree `-- xtend@4.0.1
223 silly idealTree tstemplate@1.0.0
223 silly idealTree +-- @types/node@8.0.11
223 silly idealTree +-- addressparser@1.0.1
223 silly idealTree +-- agent-base@2.1.1
223 silly idealTree | `-- semver@5.0.3
223 silly idealTree +-- ajv@4.11.8
223 silly idealTree +-- amdefine@1.0.1
223 silly idealTree +-- ansi-regex@2.1.1
223 silly idealTree +-- ansi-styles@2.2.1
223 silly idealTree +-- asn1@0.2.3
223 silly idealTree +-- assert-plus@0.2.0
223 silly idealTree +-- ast-types@0.9.12
223 silly idealTree +-- async@2.1.5
223 silly idealTree +-- asynckit@0.4.0
223 silly idealTree +-- aws-sign2@0.6.0
223 silly idealTree +-- aws4@1.6.0
223 silly idealTree +-- axios@0.16.2
223 silly idealTree +-- bcrypt-pbkdf@1.0.1
223 silly idealTree +-- bindings@1.2.1
223 silly idealTree +-- bl@1.1.2
223 silly idealTree +-- boom@2.10.1
223 silly idealTree +-- buildmail@4.0.1
223 silly idealTree +-- bytes@2.4.0
223 silly idealTree +-- caseless@0.12.0
223 silly idealTree +-- chalk@1.1.3
223 silly idealTree +-- co@4.6.0
223 silly idealTree +-- combined-stream@1.0.5
223 silly idealTree +-- commander@2.11.0
223 silly idealTree +-- core-util-is@1.0.2
223 silly idealTree +-- cryptiles@2.0.5
223 silly idealTree +-- dashdash@1.14.1
223 silly idealTree | `-- assert-plus@1.0.0
223 silly idealTree +-- data-uri-to-buffer@1.0.0
223 silly idealTree +-- date-format@1.1.0
223 silly idealTree +-- debug@2.6.8
223 silly idealTree +-- deep-is@0.1.3
223 silly idealTree +-- degenerator@1.0.4
223 silly idealTree +-- delayed-stream@1.0.0
223 silly idealTree +-- double-ended-queue@2.1.0-0
223 silly idealTree +-- ecc-jsbn@0.1.1
223 silly idealTree +-- escape-string-regexp@1.0.5
223 silly idealTree +-- escodegen@1.8.1
223 silly idealTree | `-- esprima@2.7.3
223 silly idealTree +-- esprima@3.1.3
223 silly idealTree +-- estraverse@1.9.3
223 silly idealTree +-- esutils@2.0.2
223 silly idealTree +-- extend@3.0.1
223 silly idealTree +-- extsprintf@1.0.2
223 silly idealTree +-- fast-levenshtein@2.0.6
223 silly idealTree +-- file-uri-to-path@1.0.0
223 silly idealTree +-- follow-redirects@1.2.4
223 silly idealTree +-- forever-agent@0.6.1
223 silly idealTree +-- form-data@2.1.4
223 silly idealTree +-- ftp@0.3.10
223 silly idealTree | +-- isarray@0.0.1
223 silly idealTree | `-- readable-stream@1.1.14
223 silly idealTree +-- generate-function@2.0.0
223 silly idealTree +-- generate-object-property@1.2.0
223 silly idealTree +-- get-uri@2.0.1
223 silly idealTree +-- getpass@0.1.7
223 silly idealTree | `-- assert-plus@1.0.0
223 silly idealTree +-- har-schema@1.0.5
223 silly idealTree +-- har-validator@4.2.1
223 silly idealTree +-- has-ansi@2.0.0
223 silly idealTree +-- hawk@3.1.3
223 silly idealTree +-- hipchat-notifier@1.1.0
223 silly idealTree +-- hoek@2.16.3
223 silly idealTree +-- http-proxy-agent@1.0.0
223 silly idealTree +-- http-signature@1.1.1
223 silly idealTree +-- httpntlm@1.6.1
223 silly idealTree +-- httpreq@0.4.24
223 silly idealTree +-- https-proxy-agent@1.0.0
223 silly idealTree +-- iconv-lite@0.4.15
223 silly idealTree +-- inflection@1.10.0
223 silly idealTree +-- inherits@2.0.3
223 silly idealTree +-- ip@1.0.1
223 silly idealTree +-- is-buffer@1.1.5
223 silly idealTree +-- is-my-json-valid@2.16.0
223 silly idealTree +-- is-property@1.0.2
223 silly idealTree +-- is-stream@1.1.0
223 silly idealTree +-- is-typedarray@1.0.0
223 silly idealTree +-- isarray@1.0.0
223 silly idealTree +-- isemail@2.2.1
223 silly idealTree +-- isstream@0.1.2
223 silly idealTree +-- items@2.1.1
223 silly idealTree +-- joi@9.2.0
223 silly idealTree | `-- hoek@4.1.1
223 silly idealTree +-- jsbn@0.1.1
223 silly idealTree +-- json-schema@0.2.3
223 silly idealTree +-- json-stable-stringify@1.0.1
223 silly idealTree +-- json-stringify-safe@5.0.1
223 silly idealTree +-- jsonify@0.0.0
223 silly idealTree +-- jsonpointer@4.0.1
223 silly idealTree +-- jsprim@1.4.0
223 silly idealTree | `-- assert-plus@1.0.0
223 silly idealTree +-- levn@0.3.0
223 silly idealTree +-- libbase64@0.1.0
223 silly idealTree +-- libmime@3.0.0
223 silly idealTree +-- libqp@1.1.0
223 silly idealTree +-- lodash@4.17.4
223 silly idealTree +-- log4js@2.0.1
223 silly idealTree | +-- axios@0.15.3
223 silly idealTree | `-- follow-redirects@1.0.0
223 silly idealTree +-- loggly@1.1.1
223 silly idealTree | +-- caseless@0.11.0
223 silly idealTree | +-- form-data@2.0.0
223 silly idealTree | +-- har-validator@2.0.6
223 silly idealTree | +-- node-uuid@1.4.8
223 silly idealTree | +-- qs@6.2.3
223 silly idealTree | +-- request@2.75.0
223 silly idealTree | `-- tunnel-agent@0.4.3
223 silly idealTree +-- lru-cache@2.6.5
223 silly idealTree +-- mailcomposer@4.0.1
223 silly idealTree +-- mailgun-js@0.7.15
223 silly idealTree | +-- debug@2.2.0
223 silly idealTree | `-- ms@0.7.1
223 silly idealTree +-- mime-db@1.27.0
223 silly idealTree +-- mime-types@2.1.15
223 silly idealTree +-- minimist@0.0.8
223 silly idealTree +-- mkdirp@0.5.1
223 silly idealTree +-- moment@2.18.1
223 silly idealTree +-- ms@2.0.0
223 silly idealTree +-- nan@2.6.2
223 silly idealTree +-- netmask@1.0.6
223 silly idealTree +-- node-expat@2.3.16
223 silly idealTree +-- nodemailer-direct-transport@3.3.2
223 silly idealTree +-- nodemailer-fetch@1.6.0
223 silly idealTree +-- nodemailer-shared@1.1.0
223 silly idealTree +-- nodemailer-smtp-pool@2.8.2
223 silly idealTree +-- nodemailer-smtp-transport@2.7.2
223 silly idealTree +-- nodemailer-wellknown@0.1.10
223 silly idealTree +-- nodemailer@2.7.2
223 silly idealTree | +-- ip@1.1.5
223 silly idealTree | `-- socks@1.1.9
223 silly idealTree +-- oauth-sign@0.8.2
223 silly idealTree +-- optionator@0.8.2
223 silly idealTree +-- pac-proxy-agent@1.1.0
223 silly idealTree +-- pac-resolver@2.0.0
223 silly idealTree | `-- co@3.0.6
223 silly idealTree +-- path-proxy@1.0.0
223 silly idealTree | `-- inflection@1.3.8
223 silly idealTree +-- performance-now@0.2.0
223 silly idealTree +-- pinkie-promise@2.0.1
223 silly idealTree +-- pinkie@2.0.4
223 silly idealTree +-- prelude-ls@1.1.2
223 silly idealTree +-- process-nextick-args@1.0.7
223 silly idealTree +-- proxy-agent@2.0.0
223 silly idealTree +-- punycode@1.4.1
223 silly idealTree +-- q@1.4.1
223 silly idealTree +-- qs@6.4.0
223 silly idealTree +-- raw-body@2.2.0
223 silly idealTree +-- readable-stream@2.0.6
223 silly idealTree +-- redis-commands@1.3.1
223 silly idealTree +-- redis-parser@2.6.0
223 silly idealTree +-- redis@2.7.1
223 silly idealTree +-- request@2.81.0
223 silly idealTree +-- requestretry@1.12.0
223 silly idealTree +-- safe-buffer@5.1.1
223 silly idealTree +-- sax@1.2.4
223 silly idealTree +-- semver@5.3.0
223 silly idealTree +-- slack-node@0.2.0
223 silly idealTree +-- smart-buffer@1.1.15
223 silly idealTree +-- smtp-connection@2.12.0
223 silly idealTree +-- sntp@1.0.9
223 silly idealTree +-- socks-proxy-agent@2.1.1
223 silly idealTree +-- socks@1.1.10
223 silly idealTree | `-- ip@1.1.5
223 silly idealTree +-- source-map@0.2.0
223 silly idealTree +-- sshpk@1.13.1
223 silly idealTree | `-- assert-plus@1.0.0
223 silly idealTree +-- streamroller@0.5.1
223 silly idealTree | +-- date-format@0.0.0
223 silly idealTree | +-- debug@0.7.4
223 silly idealTree | +-- readable-stream@2.3.3
223 silly idealTree | `-- string_decoder@1.0.3
223 silly idealTree +-- string_decoder@0.10.31
223 silly idealTree +-- stringstream@0.0.5
223 silly idealTree +-- strip-ansi@3.0.1
223 silly idealTree +-- supports-color@2.0.0
223 silly idealTree +-- thunkify@2.1.2
223 silly idealTree +-- timespan@2.3.0
223 silly idealTree +-- topo@2.0.2
223 silly idealTree | `-- hoek@4.1.1
223 silly idealTree +-- tough-cookie@2.3.2
223 silly idealTree +-- tsscmp@1.0.5
223 silly idealTree +-- tunnel-agent@0.6.0
223 silly idealTree +-- tweetnacl@0.14.5
223 silly idealTree +-- type-check@0.3.2
223 silly idealTree +-- underscore@1.7.0
223 silly idealTree +-- unpipe@1.0.0
223 silly idealTree +-- util-deprecate@1.0.2
223 silly idealTree +-- uuid@3.1.0
223 silly idealTree +-- verror@1.3.6
223 silly idealTree +-- when@3.7.8
223 silly idealTree +-- wordwrap@1.0.0
223 silly idealTree +-- xml2js@0.4.17
223 silly idealTree +-- xml2json@0.11.0
223 silly idealTree | `-- hoek@4.1.1
223 silly idealTree +-- xmlbuilder@4.2.1
223 silly idealTree +-- xmlhttprequest@1.8.0
223 silly idealTree +-- xregexp@2.0.0
223 silly idealTree `-- xtend@4.0.1
224 silly generateActionsToTake Starting
225 silly install generateActionsToTake
226 silly generateActionsToTake Finishing
227 silly diffTrees action count 5
228 silly diffTrees add bindings@1.2.1
229 silly diffTrees add nan@2.6.2
230 silly diffTrees add node-expat@2.3.16
231 silly diffTrees add hoek@4.1.1
232 silly diffTrees add xml2json@0.11.0
233 silly decomposeActions action count 40
234 silly decomposeActions fetch bindings@1.2.1
235 silly decomposeActions extract bindings@1.2.1
236 silly decomposeActions test bindings@1.2.1
237 silly decomposeActions preinstall bindings@1.2.1
238 silly decomposeActions build bindings@1.2.1
239 silly decomposeActions install bindings@1.2.1
240 silly decomposeActions postinstall bindings@1.2.1
241 silly decomposeActions finalize bindings@1.2.1
242 silly decomposeActions fetch nan@2.6.2
243 silly decomposeActions extract nan@2.6.2
244 silly decomposeActions test nan@2.6.2
245 silly decomposeActions preinstall nan@2.6.2
246 silly decomposeActions build nan@2.6.2
247 silly decomposeActions install nan@2.6.2
248 silly decomposeActions postinstall nan@2.6.2
249 silly decomposeActions finalize nan@2.6.2
250 silly decomposeActions fetch node-expat@2.3.16
251 silly decomposeActions extract node-expat@2.3.16
252 silly decomposeActions test node-expat@2.3.16
253 silly decomposeActions preinstall node-expat@2.3.16
254 silly decomposeActions build node-expat@2.3.16
255 silly decomposeActions install node-expat@2.3.16
256 silly decomposeActions postinstall node-expat@2.3.16
257 silly decomposeActions finalize node-expat@2.3.16
258 silly decomposeActions fetch hoek@4.1.1
259 silly decomposeActions extract hoek@4.1.1
260 silly decomposeActions test hoek@4.1.1
261 silly decomposeActions preinstall hoek@4.1.1
262 silly decomposeActions build hoek@4.1.1
263 silly decomposeActions install hoek@4.1.1
264 silly decomposeActions postinstall hoek@4.1.1
265 silly decomposeActions finalize hoek@4.1.1
266 silly decomposeActions fetch xml2json@0.11.0
267 silly decomposeActions extract xml2json@0.11.0
268 silly decomposeActions test xml2json@0.11.0
269 silly decomposeActions preinstall xml2json@0.11.0
270 silly decomposeActions build xml2json@0.11.0
271 silly decomposeActions install xml2json@0.11.0
272 silly decomposeActions postinstall xml2json@0.11.0
273 silly decomposeActions finalize xml2json@0.11.0
274 silly runTopLevelLifecycles Starting
275 silly executeActions Starting
276 silly install executeActions
277 silly doSerial global-install 0
278 silly doParallel fetch 5
279 verbose correctMkdir C:\Users\MAB\AppData\Roaming\npm-cache\_locks correctMkdir not in flight; initializing
280 verbose lock using C:\Users\MAB\AppData\Roaming\npm-cache\_locks\staging-f5d6e4e49ec3a79e.lock for C:\work\Training\SupportBank\node_modules\.staging
281 silly doParallel extract 5
282 silly extract bindings@1.2.1
283 silly extract nan@2.6.2
284 silly extract node-expat@2.3.16
285 silly extract hoek@4.1.1
286 silly extract xml2json@0.11.0
287 verbose unbuild node_modules\.staging\bindings-af332092
288 verbose unbuild node_modules\.staging\node-expat-06b88ed2
289 verbose unbuild node_modules\.staging\nan-fa19c316
290 verbose unbuild node_modules\.staging\hoek-f25da300
291 silly gentlyRm C:\work\Training\SupportBank\node_modules\.staging\bindings-af332092 is being purged from base C:\work\Training\SupportBank
292 verbose gentlyRm don't care about contents; nuking C:\work\Training\SupportBank\node_modules\.staging\bindings-af332092
293 silly gentlyRm C:\work\Training\SupportBank\node_modules\.staging\nan-fa19c316 is being purged from base C:\work\Training\SupportBank
294 verbose gentlyRm don't care about contents; nuking C:\work\Training\SupportBank\node_modules\.staging\nan-fa19c316
295 silly gentlyRm C:\work\Training\SupportBank\node_modules\.staging\hoek-f25da300 is being purged from base C:\work\Training\SupportBank
296 verbose gentlyRm don't care about contents; nuking C:\work\Training\SupportBank\node_modules\.staging\hoek-f25da300
297 silly gentlyRm C:\work\Training\SupportBank\node_modules\.staging\node-expat-06b88ed2 is being purged from base C:\work\Training\SupportBank
298 verbose gentlyRm don't care about contents; nuking C:\work\Training\SupportBank\node_modules\.staging\node-expat-06b88ed2
299 verbose tar unpack C:\Users\MAB\AppData\Roaming\npm-cache\bindings\1.2.1\package.tgz
300 verbose tar unpacking to C:\work\Training\SupportBank\node_modules\.staging\bindings-af332092
301 silly gentlyRm C:\work\Training\SupportBank\node_modules\.staging\bindings-af332092 is being purged
302 verbose gentlyRm don't care about contents; nuking C:\work\Training\SupportBank\node_modules\.staging\bindings-af332092
303 verbose tar unpack C:\Users\MAB\AppData\Roaming\npm-cache\nan\2.6.2\package.tgz
304 verbose tar unpacking to C:\work\Training\SupportBank\node_modules\.staging\nan-fa19c316
305 silly gentlyRm C:\work\Training\SupportBank\node_modules\.staging\nan-fa19c316 is being purged
306 verbose gentlyRm don't care about contents; nuking C:\work\Training\SupportBank\node_modules\.staging\nan-fa19c316
307 verbose tar unpack C:\Users\MAB\AppData\Roaming\npm-cache\hoek\4.1.1\package.tgz
308 verbose tar unpacking to C:\work\Training\SupportBank\node_modules\.staging\hoek-f25da300
309 silly gentlyRm C:\work\Training\SupportBank\node_modules\.staging\hoek-f25da300 is being purged
310 verbose gentlyRm don't care about contents; nuking C:\work\Training\SupportBank\node_modules\.staging\hoek-f25da300
311 verbose unbuild node_modules\.staging\xml2json-41618db2
312 verbose tar unpack C:\Users\MAB\AppData\Roaming\npm-cache\node-expat\2.3.16\package.tgz
313 verbose tar unpacking to C:\work\Training\SupportBank\node_modules\.staging\node-expat-06b88ed2
314 silly gentlyRm C:\work\Training\SupportBank\node_modules\.staging\node-expat-06b88ed2 is being purged
315 verbose gentlyRm don't care about contents; nuking C:\work\Training\SupportBank\node_modules\.staging\node-expat-06b88ed2
316 silly gunzTarPerm modes [ '777', '666' ]
317 silly gunzTarPerm modes [ '777', '666' ]
318 silly gunzTarPerm modes [ '777', '666' ]
319 silly gunzTarPerm modes [ '777', '666' ]
320 silly gentlyRm C:\work\Training\SupportBank\node_modules\.staging\xml2json-41618db2 is being purged from base C:\work\Training\SupportBank
321 verbose gentlyRm don't care about contents; nuking C:\work\Training\SupportBank\node_modules\.staging\xml2json-41618db2
322 verbose tar unpack C:\Users\MAB\AppData\Roaming\npm-cache\xml2json\0.11.0\package.tgz
323 verbose tar unpacking to C:\work\Training\SupportBank\node_modules\.staging\xml2json-41618db2
324 silly gentlyRm C:\work\Training\SupportBank\node_modules\.staging\xml2json-41618db2 is being purged
325 verbose gentlyRm don't care about contents; nuking C:\work\Training\SupportBank\node_modules\.staging\xml2json-41618db2
326 silly gunzTarPerm modes [ '777', '666' ]
327 silly gunzTarPerm extractEntry package.json
328 silly gunzTarPerm modified mode [ 'package.json', 436, 438 ]
329 silly gunzTarPerm extractEntry package.json
330 silly gunzTarPerm modified mode [ 'package.json', 420, 438 ]
331 silly gunzTarPerm extractEntry package.json
332 silly gunzTarPerm modified mode [ 'package.json', 420, 438 ]
333 silly gunzTarPerm extractEntry package.json
334 silly gunzTarPerm modified mode [ 'package.json', 420, 438 ]
335 silly gunzTarPerm extractEntry README.md
336 silly gunzTarPerm modified mode [ 'README.md', 436, 438 ]
337 silly gunzTarPerm extractEntry include_dirs.js
338 silly gunzTarPerm modified mode [ 'include_dirs.js', 436, 438 ]
339 silly gunzTarPerm extractEntry README.md
340 silly gunzTarPerm modified mode [ 'README.md', 420, 438 ]
341 silly gunzTarPerm extractEntry bindings.js
342 silly gunzTarPerm modified mode [ 'bindings.js', 420, 438 ]
343 silly gunzTarPerm extractEntry package.json
344 silly gunzTarPerm modified mode [ 'package.json', 420, 438 ]
345 silly gunzTarPerm extractEntry .npmignore
346 silly gunzTarPerm modified mode [ '.npmignore', 420, 438 ]
347 silly gunzTarPerm extractEntry README.md
348 silly gunzTarPerm modified mode [ 'README.md', 420, 438 ]
349 silly gunzTarPerm extractEntry README.md
350 silly gunzTarPerm modified mode [ 'README.md', 420, 438 ]
351 silly gunzTarPerm extractEntry LICENSE
352 silly gunzTarPerm modified mode [ 'LICENSE', 420, 438 ]
353 silly gunzTarPerm extractEntry .npmignore
354 silly gunzTarPerm modified mode [ '.npmignore', 420, 438 ]
355 silly gunzTarPerm extractEntry README.md
356 silly gunzTarPerm modified mode [ 'README.md', 420, 438 ]
357 silly gunzTarPerm extractEntry nan_converters_43_inl.h
358 silly gunzTarPerm modified mode [ 'nan_converters_43_inl.h', 436, 438 ]
359 silly gunzTarPerm extractEntry LICENSE.md
360 silly gunzTarPerm modified mode [ 'LICENSE.md', 436, 438 ]
361 silly gunzTarPerm extractEntry doc/new.md
362 silly gunzTarPerm modified mode [ 'doc/new.md', 436, 438 ]
363 silly gunzTarPerm extractEntry LICENSE
364 silly gunzTarPerm modified mode [ 'LICENSE', 420, 438 ]
365 silly gunzTarPerm extractEntry lib/escape.js
366 silly gunzTarPerm modified mode [ 'lib/escape.js', 493, 511 ]
367 silly gunzTarPerm extractEntry binding.gyp
368 silly gunzTarPerm modified mode [ 'binding.gyp', 420, 438 ]
369 silly gunzTarPerm extractEntry deps/libexpat/README
370 silly gunzTarPerm modified mode [ 'deps/libexpat/README', 420, 438 ]
371 silly gunzTarPerm extractEntry doc/asyncworker.md
372 silly gunzTarPerm modified mode [ 'doc/asyncworker.md', 436, 438 ]
373 silly gunzTarPerm extractEntry example.js
374 silly gunzTarPerm modified mode [ 'example.js', 420, 438 ]
375 silly gunzTarPerm extractEntry index.js
376 silly gunzTarPerm modified mode [ 'index.js', 420, 438 ]
377 silly gunzTarPerm extractEntry lib/index.js
378 silly gunzTarPerm modified mode [ 'lib/index.js', 493, 511 ]
379 silly gunzTarPerm extractEntry deps/libexpat/doc/expat.png
380 silly gunzTarPerm modified mode [ 'deps/libexpat/doc/expat.png', 420, 438 ]
381 silly gunzTarPerm extractEntry t.js
382 silly gunzTarPerm modified mode [ 't.js', 420, 438 ]
383 silly gunzTarPerm extractEntry .travis.yml
384 silly gunzTarPerm modified mode [ '.travis.yml', 420, 438 ]
385 silly gunzTarPerm extractEntry doc/callback.md
386 silly gunzTarPerm modified mode [ 'doc/callback.md', 436, 438 ]
387 silly gunzTarPerm extractEntry doc/converters.md
388 silly gunzTarPerm modified mode [ 'doc/converters.md', 436, 438 ]
389 silly gunzTarPerm extractEntry deps/libexpat/doc/reference.html
390 silly gunzTarPerm modified mode [ 'deps/libexpat/doc/reference.html', 420, 438 ]
391 silly gunzTarPerm extractEntry deps/libexpat/doc/style.css
392 silly gunzTarPerm modified mode [ 'deps/libexpat/doc/style.css', 420, 438 ]
393 silly gunzTarPerm extractEntry doc/errors.md
394 silly gunzTarPerm modified mode [ 'doc/errors.md', 436, 438 ]
395 silly gunzTarPerm extractEntry doc/json.md
396 silly gunzTarPerm modified mode [ 'doc/json.md', 436, 438 ]
397 silly gunzTarPerm extractEntry deps/libexpat/doc/valid-xhtml10.png
398 silly gunzTarPerm modified mode [ 'deps/libexpat/doc/valid-xhtml10.png', 420, 438 ]
399 silly gunzTarPerm extractEntry deps/libexpat/doc/xmlwf.1
400 silly gunzTarPerm modified mode [ 'deps/libexpat/doc/xmlwf.1', 420, 438 ]
401 silly gentlyRm C:\work\Training\SupportBank\node_modules\.staging\bindings-af332092\node_modules is being purged
402 verbose gentlyRm don't care about contents; nuking C:\work\Training\SupportBank\node_modules\.staging\bindings-af332092\node_modules
403 silly gunzTarPerm extractEntry doc/maybe_types.md
404 silly gunzTarPerm modified mode [ 'doc/maybe_types.md', 436, 438 ]
405 silly gunzTarPerm extractEntry doc/methods.md
406 silly gunzTarPerm modified mode [ 'doc/methods.md', 436, 438 ]
407 silly gunzTarPerm extractEntry AUTHORS
408 silly gunzTarPerm modified mode [ 'AUTHORS', 420, 438 ]
409 silly gunzTarPerm extractEntry lib/index.js
410 silly gunzTarPerm modified mode [ 'lib/index.js', 420, 438 ]
411 silly gunzTarPerm extractEntry deps/libexpat/doc/xmlwf.xml
412 silly gunzTarPerm modified mode [ 'deps/libexpat/doc/xmlwf.xml', 420, 438 ]
413 silly gunzTarPerm extractEntry deps/libexpat/CMakeLists.txt
414 silly gunzTarPerm modified mode [ 'deps/libexpat/CMakeLists.txt', 493, 511 ]
415 silly gunzTarPerm extractEntry doc/buffers.md
416 silly gunzTarPerm modified mode [ 'doc/buffers.md', 436, 438 ]
417 silly gunzTarPerm extractEntry doc/node_misc.md
418 silly gunzTarPerm modified mode [ 'doc/node_misc.md', 436, 438 ]
419 silly gunzTarPerm extractEntry lib/json2xml.js
420 silly gunzTarPerm modified mode [ 'lib/json2xml.js', 420, 438 ]
421 silly gunzTarPerm extractEntry lib/sanitize.js
422 silly gunzTarPerm modified mode [ 'lib/sanitize.js', 420, 438 ]
423 silly gunzTarPerm extractEntry lib/xml2json.js
424 silly gunzTarPerm modified mode [ 'lib/xml2json.js', 420, 438 ]
425 silly gunzTarPerm extractEntry .editorconfig
426 silly gunzTarPerm modified mode [ '.editorconfig', 436, 438 ]
427 silly gunzTarPerm extractEntry bin/xml2json
428 silly gunzTarPerm modified mode [ 'bin/xml2json', 420, 438 ]
429 silly gunzTarPerm extractEntry test/.npmignore
430 silly gunzTarPerm modified mode [ 'test/.npmignore', 420, 438 ]
431 silly gunzTarPerm extractEntry test/coerce-overhead.js
432 silly gunzTarPerm modified mode [ 'test/coerce-overhead.js', 420, 438 ]
433 silly gunzTarPerm extractEntry test/test-reorder.js
434 silly gunzTarPerm modified mode [ 'test/test-reorder.js', 420, 438 ]
435 silly gunzTarPerm extractEntry test/test-space.js
436 silly gunzTarPerm modified mode [ 'test/test-space.js', 420, 438 ]
437 silly gunzTarPerm extractEntry test/test-xmlsanitize.js
438 silly gunzTarPerm modified mode [ 'test/test-xmlsanitize.js', 420, 438 ]
439 silly gunzTarPerm extractEntry test/test.js
440 silly gunzTarPerm modified mode [ 'test/test.js', 420, 438 ]
441 silly gunzTarPerm extractEntry test/fixtures/domain.xml
442 silly gunzTarPerm modified mode [ 'test/fixtures/domain.xml', 420, 438 ]
443 silly gunzTarPerm extractEntry test/fixtures/alternate-text-node-A.json
444 silly gunzTarPerm modified mode [ 'test/fixtures/alternate-text-node-A.json', 420, 438 ]
445 silly gunzTarPerm extractEntry test/fixtures/alternate-text-node-B.json
446 silly gunzTarPerm modified mode [ 'test/fixtures/alternate-text-node-B.json', 420, 438 ]
447 silly gunzTarPerm extractEntry test/fixtures/alternate-text-node-C.json
448 silly gunzTarPerm modified mode [ 'test/fixtures/alternate-text-node-C.json', 420, 438 ]
449 silly gunzTarPerm extractEntry test/fixtures/alternate-text-node-D.json
450 silly gunzTarPerm modified mode [ 'test/fixtures/alternate-text-node-D.json', 420, 438 ]
451 silly gunzTarPerm extractEntry test/fixtures/alternate-text-node-D.xml
452 silly gunzTarPerm modified mode [ 'test/fixtures/alternate-text-node-D.xml', 420, 438 ]
453 silly gunzTarPerm extractEntry test/fixtures/array-notation.json
454 silly gunzTarPerm modified mode [ 'test/fixtures/array-notation.json', 420, 438 ]
455 silly gunzTarPerm extractEntry test/fixtures/array-notation.xml
456 silly gunzTarPerm modified mode [ 'test/fixtures/array-notation.xml', 420, 438 ]
457 silly gunzTarPerm extractEntry test/fixtures/coerce.json
458 silly gunzTarPerm modified mode [ 'test/fixtures/coerce.json', 420, 438 ]
459 silly gunzTarPerm extractEntry test/fixtures/coerce.xml
460 silly gunzTarPerm modified mode [ 'test/fixtures/coerce.xml', 420, 438 ]
461 silly gunzTarPerm extractEntry test/fixtures/domain-reversible.json
462 silly gunzTarPerm modified mode [ 'test/fixtures/domain-reversible.json', 420, 438 ]
463 silly gunzTarPerm extractEntry test/fixtures/domain.json
464 silly gunzTarPerm modified mode [ 'test/fixtures/domain.json', 420, 438 ]
465 silly gunzTarPerm extractEntry test/fixtures/alternate-text-node-A.xml
466 silly gunzTarPerm modified mode [ 'test/fixtures/alternate-text-node-A.xml', 420, 438 ]
467 silly gunzTarPerm extractEntry test/fixtures/forceArray.json
468 silly gunzTarPerm modified mode [ 'test/fixtures/forceArray.json', 420, 438 ]
469 silly gunzTarPerm extractEntry test/fixtures/forceArray.xml
470 silly gunzTarPerm modified mode [ 'test/fixtures/forceArray.xml', 420, 438 ]
471 silly gunzTarPerm extractEntry test/fixtures/large.json
472 silly gunzTarPerm modified mode [ 'test/fixtures/large.json', 420, 438 ]
473 silly gunzTarPerm extractEntry test/fixtures/large.xml
474 silly gunzTarPerm modified mode [ 'test/fixtures/large.xml', 420, 438 ]
475 silly gunzTarPerm extractEntry test/fixtures/reorder.json
476 silly gunzTarPerm modified mode [ 'test/fixtures/reorder.json', 420, 438 ]
477 silly gunzTarPerm extractEntry test/fixtures/reorder.xml
478 silly gunzTarPerm modified mode [ 'test/fixtures/reorder.xml', 420, 438 ]
479 silly gunzTarPerm extractEntry test/fixtures/spacetext.json
480 silly gunzTarPerm modified mode [ 'test/fixtures/spacetext.json', 420, 438 ]
481 silly gunzTarPerm extractEntry test/fixtures/spacetext.xml
482 silly gunzTarPerm modified mode [ 'test/fixtures/spacetext.xml', 420, 438 ]
483 silly gunzTarPerm extractEntry test/fixtures/xmlsanitize.json
484 silly gunzTarPerm modified mode [ 'test/fixtures/xmlsanitize.json', 420, 438 ]
485 silly gunzTarPerm extractEntry test/fixtures/xmlsanitize.xml
486 silly gunzTarPerm modified mode [ 'test/fixtures/xmlsanitize.xml', 420, 438 ]
487 silly gunzTarPerm extractEntry test/fixtures/xmlsanitize2.json
488 silly gunzTarPerm modified mode [ 'test/fixtures/xmlsanitize2.json', 420, 438 ]
489 silly gunzTarPerm extractEntry test/fixtures/xmlsanitize2.xml
490 silly gunzTarPerm modified mode [ 'test/fixtures/xmlsanitize2.xml', 420, 438 ]
491 silly gunzTarPerm extractEntry deps/libexpat/COPYING
492 silly gunzTarPerm modified mode [ 'deps/libexpat/COPYING', 420, 438 ]
493 silly gunzTarPerm extractEntry deps/libexpat/Changes
494 silly gunzTarPerm modified mode [ 'deps/libexpat/Changes', 420, 438 ]
495 silly gunzTarPerm extractEntry deps/libexpat/ConfigureChecks.cmake
496 silly gunzTarPerm modified mode [ 'deps/libexpat/ConfigureChecks.cmake', 493, 511 ]
497 silly gunzTarPerm extractEntry deps/libexpat/MANIFEST
498 silly gunzTarPerm modified mode [ 'deps/libexpat/MANIFEST', 420, 438 ]
499 silly gunzTarPerm extractEntry deps/libexpat/Makefile.in
500 silly gunzTarPerm modified mode [ 'deps/libexpat/Makefile.in', 420, 438 ]
501 silly gunzTarPerm extractEntry deps/libexpat/AUTHORS
502 silly gunzTarPerm modified mode [ 'deps/libexpat/AUTHORS', 420, 438 ]
503 silly gunzTarPerm extractEntry deps/libexpat/aclocal.m4
504 silly gunzTarPerm modified mode [ 'deps/libexpat/aclocal.m4', 420, 438 ]
505 silly gunzTarPerm extractEntry deps/libexpat/configure
506 silly gunzTarPerm modified mode [ 'deps/libexpat/configure', 493, 511 ]
507 silly gunzTarPerm extractEntry doc/object_wrappers.md
508 silly gunzTarPerm modified mode [ 'doc/object_wrappers.md', 436, 438 ]
509 silly gunzTarPerm extractEntry doc/persistent.md
510 silly gunzTarPerm modified mode [ 'doc/persistent.md', 436, 438 ]
511 silly gentlyRm C:\work\Training\SupportBank\node_modules\.staging\hoek-f25da300\node_modules is being purged
512 verbose gentlyRm don't care about contents; nuking C:\work\Training\SupportBank\node_modules\.staging\hoek-f25da300\node_modules
513 silly gunzTarPerm extractEntry doc/scopes.md
514 silly gunzTarPerm modified mode [ 'doc/scopes.md', 436, 438 ]
515 silly gunzTarPerm extractEntry doc/script.md
516 silly gunzTarPerm modified mode [ 'doc/script.md', 436, 438 ]
517 silly gunzTarPerm extractEntry doc/string_bytes.md
518 silly gunzTarPerm modified mode [ 'doc/string_bytes.md', 436, 438 ]
519 silly gunzTarPerm extractEntry doc/v8_internals.md
520 silly gunzTarPerm modified mode [ 'doc/v8_internals.md', 436, 438 ]
521 silly gunzTarPerm extractEntry deps/libexpat/configure.ac
522 silly gunzTarPerm modified mode [ 'deps/libexpat/configure.ac', 420, 438 ]
523 silly gunzTarPerm extractEntry deps/libexpat/conftools/PrintPath
524 silly gunzTarPerm modified mode [ 'deps/libexpat/conftools/PrintPath', 493, 511 ]
525 silly gunzTarPerm extractEntry deps/libexpat/conftools/ac_c_bigendian_cross.m4
526 silly gunzTarPerm modified mode [ 'deps/libexpat/conftools/ac_c_bigendian_cross.m4', 420, 438 ]
527 silly gunzTarPerm extractEntry doc/v8_misc.md
528 silly gunzTarPerm modified mode [ 'doc/v8_misc.md', 436, 438 ]
529 silly gunzTarPerm extractEntry nan.h
530 silly gunzTarPerm modified mode [ 'nan.h', 436, 438 ]
531 silly gunzTarPerm extractEntry nan_callbacks.h
532 silly gunzTarPerm modified mode [ 'nan_callbacks.h', 436, 438 ]
533 silly gunzTarPerm extractEntry nan_callbacks_12_inl.h
534 silly gunzTarPerm modified mode [ 'nan_callbacks_12_inl.h', 436, 438 ]
535 silly gunzTarPerm extractEntry nan_callbacks_pre_12_inl.h
536 silly gunzTarPerm modified mode [ 'nan_callbacks_pre_12_inl.h', 436, 438 ]
537 silly gunzTarPerm extractEntry nan_converters.h
538 silly gunzTarPerm modified mode [ 'nan_converters.h', 436, 438 ]
539 silly gunzTarPerm extractEntry nan_converters_pre_43_inl.h
540 silly gunzTarPerm modified mode [ 'nan_converters_pre_43_inl.h', 436, 438 ]
541 silly gunzTarPerm extractEntry deps/libexpat/conftools/config.guess
542 silly gunzTarPerm modified mode [ 'deps/libexpat/conftools/config.guess', 493, 511 ]
543 silly gunzTarPerm extractEntry deps/libexpat/conftools/config.sub
544 silly gunzTarPerm modified mode [ 'deps/libexpat/conftools/config.sub', 493, 511 ]
545 silly gunzTarPerm extractEntry nan_implementation_12_inl.h
546 silly gunzTarPerm modified mode [ 'nan_implementation_12_inl.h', 436, 438 ]
547 silly gunzTarPerm extractEntry nan_implementation_pre_12_inl.h
548 silly gunzTarPerm modified mode [ 'nan_implementation_pre_12_inl.h', 436, 438 ]
549 silly gunzTarPerm extractEntry nan_json.h
550 silly gunzTarPerm modified mode [ 'nan_json.h', 436, 438 ]
551 silly gunzTarPerm extractEntry nan_maybe_43_inl.h
552 silly gunzTarPerm modified mode [ 'nan_maybe_43_inl.h', 436, 438 ]
553 silly gunzTarPerm extractEntry deps/libexpat/conftools/expat.m4
554 silly gunzTarPerm modified mode [ 'deps/libexpat/conftools/expat.m4', 420, 438 ]
555 silly gunzTarPerm extractEntry nan_maybe_pre_43_inl.h
556 silly gunzTarPerm modified mode [ 'nan_maybe_pre_43_inl.h', 436, 438 ]
557 silly gunzTarPerm extractEntry nan_new.h
558 silly gunzTarPerm modified mode [ 'nan_new.h', 436, 438 ]
559 silly gunzTarPerm extractEntry deps/libexpat/conftools/get-version.sh
560 silly gunzTarPerm modified mode [ 'deps/libexpat/conftools/get-version.sh', 493, 511 ]
561 silly gunzTarPerm extractEntry deps/libexpat/conftools/install-sh
562 silly gunzTarPerm modified mode [ 'deps/libexpat/conftools/install-sh', 493, 511 ]
563 silly gunzTarPerm extractEntry nan_object_wrap.h
564 silly gunzTarPerm modified mode [ 'nan_object_wrap.h', 436, 438 ]
565 silly gunzTarPerm extractEntry nan_persistent_12_inl.h
566 silly gunzTarPerm modified mode [ 'nan_persistent_12_inl.h', 436, 438 ]
567 silly gunzTarPerm extractEntry deps/libexpat/conftools/ltmain.sh
568 silly gunzTarPerm modified mode [ 'deps/libexpat/conftools/ltmain.sh', 420, 438 ]
569 silly gunzTarPerm extractEntry nan_persistent_pre_12_inl.h
570 silly gunzTarPerm modified mode [ 'nan_persistent_pre_12_inl.h', 436, 438 ]
571 silly gunzTarPerm extractEntry nan_private.h
572 silly gunzTarPerm modified mode [ 'nan_private.h', 436, 438 ]
573 silly gunzTarPerm extractEntry deps/libexpat/conftools/mkinstalldirs
574 silly gunzTarPerm modified mode [ 'deps/libexpat/conftools/mkinstalldirs', 493, 511 ]
575 silly gunzTarPerm extractEntry deps/libexpat/CMake.README
576 silly gunzTarPerm modified mode [ 'deps/libexpat/CMake.README', 493, 511 ]
577 silly gunzTarPerm extractEntry nan_string_bytes.h
578 silly gunzTarPerm modified mode [ 'nan_string_bytes.h', 436, 438 ]
579 silly gunzTarPerm extractEntry nan_typedarray_contents.h
580 silly gunzTarPerm modified mode [ 'nan_typedarray_contents.h', 436, 438 ]
581 silly gunzTarPerm extractEntry deps/libexpat/examples/elements.c
582 silly gunzTarPerm modified mode [ 'deps/libexpat/examples/elements.c', 420, 438 ]
583 silly gunzTarPerm extractEntry deps/libexpat/examples/outline.c
584 silly gunzTarPerm modified mode [ 'deps/libexpat/examples/outline.c', 420, 438 ]
585 silly gunzTarPerm extractEntry deps/libexpat/expat.pc.in
586 silly gunzTarPerm modified mode [ 'deps/libexpat/expat.pc.in', 420, 438 ]
587 silly gunzTarPerm extractEntry deps/libexpat/expat_config.h
588 silly gunzTarPerm modified mode [ 'deps/libexpat/expat_config.h', 420, 438 ]
589 silly gunzTarPerm extractEntry nan_weak.h
590 silly gunzTarPerm modified mode [ 'nan_weak.h', 436, 438 ]
591 silly gunzTarPerm extractEntry CHANGELOG.md
592 silly gunzTarPerm modified mode [ 'CHANGELOG.md', 436, 438 ]
593 silly gunzTarPerm extractEntry deps/libexpat/expat_config.h.cmake
594 silly gunzTarPerm modified mode [ 'deps/libexpat/expat_config.h.cmake', 493, 511 ]
595 silly gunzTarPerm extractEntry deps/libexpat/expat_config.h.in
596 silly gunzTarPerm modified mode [ 'deps/libexpat/expat_config.h.in', 420, 438 ]
597 silly gunzTarPerm extractEntry deps/libexpat/lib/siphash.h
598 silly gunzTarPerm modified mode [ 'deps/libexpat/lib/siphash.h', 420, 438 ]
599 silly gunzTarPerm extractEntry deps/libexpat/lib/ascii.h
600 silly gunzTarPerm modified mode [ 'deps/libexpat/lib/ascii.h', 420, 438 ]
601 silly gunzTarPerm extractEntry tools/package.json
602 silly gunzTarPerm modified mode [ 'tools/package.json', 436, 438 ]
603 silly gunzTarPerm extractEntry tools/README.md
604 silly gunzTarPerm modified mode [ 'tools/README.md', 436, 438 ]
605 silly gunzTarPerm extractEntry deps/libexpat/lib/expat.h
606 silly gunzTarPerm modified mode [ 'deps/libexpat/lib/expat.h', 420, 438 ]
607 silly gunzTarPerm extractEntry deps/libexpat/lib/expat_external.h
608 silly gunzTarPerm modified mode [ 'deps/libexpat/lib/expat_external.h', 420, 438 ]
609 silly gunzTarPerm extractEntry tools/1to2.js
610 silly gunzTarPerm modified mode [ 'tools/1to2.js', 509, 511 ]
611 silly gunzTarPerm extractEntry deps/libexpat/lib/iasciitab.h
612 silly gunzTarPerm modified mode [ 'deps/libexpat/lib/iasciitab.h', 420, 438 ]
613 silly gunzTarPerm extractEntry deps/libexpat/lib/internal.h
614 silly gunzTarPerm modified mode [ 'deps/libexpat/lib/internal.h', 420, 438 ]
615 silly gunzTarPerm extractEntry deps/libexpat/lib/latin1tab.h
616 silly gunzTarPerm modified mode [ 'deps/libexpat/lib/latin1tab.h', 420, 438 ]
617 silly gunzTarPerm extractEntry deps/libexpat/lib/libexpat.def
618 silly gunzTarPerm modified mode [ 'deps/libexpat/lib/libexpat.def', 420, 438 ]
619 silly gunzTarPerm extractEntry deps/libexpat/lib/libexpatw.def
620 silly gunzTarPerm modified mode [ 'deps/libexpat/lib/libexpatw.def', 420, 438 ]
621 silly gunzTarPerm extractEntry deps/libexpat/lib/nametab.h
622 silly gunzTarPerm modified mode [ 'deps/libexpat/lib/nametab.h', 420, 438 ]
623 silly gunzTarPerm extractEntry deps/libexpat/lib/asciitab.h
624 silly gunzTarPerm modified mode [ 'deps/libexpat/lib/asciitab.h', 420, 438 ]
625 silly gunzTarPerm extractEntry deps/libexpat/lib/utf8tab.h
626 silly gunzTarPerm modified mode [ 'deps/libexpat/lib/utf8tab.h', 420, 438 ]
627 silly gunzTarPerm extractEntry deps/libexpat/lib/winconfig.h
628 silly gunzTarPerm modified mode [ 'deps/libexpat/lib/winconfig.h', 420, 438 ]
629 silly gunzTarPerm extractEntry deps/libexpat/lib/xmlparse.c
630 silly gunzTarPerm modified mode [ 'deps/libexpat/lib/xmlparse.c', 420, 438 ]
631 silly gunzTarPerm extractEntry deps/libexpat/lib/xmlrole.c
632 silly gunzTarPerm modified mode [ 'deps/libexpat/lib/xmlrole.c', 420, 438 ]
633 silly gunzTarPerm extractEntry deps/libexpat/lib/xmlrole.h
634 silly gunzTarPerm modified mode [ 'deps/libexpat/lib/xmlrole.h', 420, 438 ]
635 silly gunzTarPerm extractEntry deps/libexpat/lib/xmltok.c
636 silly gunzTarPerm modified mode [ 'deps/libexpat/lib/xmltok.c', 420, 438 ]
637 silly gunzTarPerm extractEntry deps/libexpat/lib/xmltok.h
638 silly gunzTarPerm modified mode [ 'deps/libexpat/lib/xmltok.h', 420, 438 ]
639 silly gunzTarPerm extractEntry deps/libexpat/lib/xmltok_impl.c
640 silly gunzTarPerm modified mode [ 'deps/libexpat/lib/xmltok_impl.c', 420, 438 ]
641 silly gunzTarPerm extractEntry deps/libexpat/lib/xmltok_impl.h
642 silly gunzTarPerm modified mode [ 'deps/libexpat/lib/xmltok_impl.h', 420, 438 ]
643 silly gunzTarPerm extractEntry deps/libexpat/lib/xmltok_ns.c
644 silly gunzTarPerm modified mode [ 'deps/libexpat/lib/xmltok_ns.c', 420, 438 ]
645 silly gunzTarPerm extractEntry deps/libexpat/libexpat.gyp
646 silly gunzTarPerm modified mode [ 'deps/libexpat/libexpat.gyp', 420, 438 ]
647 silly gunzTarPerm extractEntry deps/libexpat/m4/libtool.m4
648 silly gunzTarPerm modified mode [ 'deps/libexpat/m4/libtool.m4', 420, 438 ]
649 silly gunzTarPerm extractEntry deps/libexpat/m4/ltoptions.m4
650 silly gunzTarPerm modified mode [ 'deps/libexpat/m4/ltoptions.m4', 420, 438 ]
651 silly gunzTarPerm extractEntry deps/libexpat/m4/ltsugar.m4
652 silly gunzTarPerm modified mode [ 'deps/libexpat/m4/ltsugar.m4', 420, 438 ]
653 silly gunzTarPerm extractEntry deps/libexpat/m4/ltversion.m4
654 silly gunzTarPerm modified mode [ 'deps/libexpat/m4/ltversion.m4', 420, 438 ]
655 silly gunzTarPerm extractEntry deps/libexpat/m4/lt~obsolete.m4
656 silly gunzTarPerm modified mode [ 'deps/libexpat/m4/lt~obsolete.m4', 420, 438 ]
657 silly gunzTarPerm extractEntry deps/libexpat/run.sh.in
658 silly gunzTarPerm modified mode [ 'deps/libexpat/run.sh.in', 420, 438 ]
659 silly gunzTarPerm extractEntry deps/libexpat/tests/memcheck.h
660 silly gunzTarPerm modified mode [ 'deps/libexpat/tests/memcheck.h', 420, 438 ]
661 silly gunzTarPerm extractEntry deps/libexpat/tests/README.txt
662 silly gunzTarPerm modified mode [ 'deps/libexpat/tests/README.txt', 420, 438 ]
663 silly gunzTarPerm extractEntry deps/libexpat/tests/chardata.c
664 silly gunzTarPerm modified mode [ 'deps/libexpat/tests/chardata.c', 420, 438 ]
665 silly gunzTarPerm extractEntry deps/libexpat/tests/chardata.h
666 silly gunzTarPerm modified mode [ 'deps/libexpat/tests/chardata.h', 420, 438 ]
667 silly gunzTarPerm extractEntry deps/libexpat/tests/memcheck.c
668 silly gunzTarPerm modified mode [ 'deps/libexpat/tests/memcheck.c', 420, 438 ]
669 silly gunzTarPerm extractEntry deps/libexpat/tests/benchmark/README.txt
670 silly gunzTarPerm modified mode [ 'deps/libexpat/tests/benchmark/README.txt', 420, 438 ]
671 silly gunzTarPerm extractEntry deps/libexpat/tests/benchmark/benchmark.c
672 silly gunzTarPerm modified mode [ 'deps/libexpat/tests/benchmark/benchmark.c', 420, 438 ]
673 silly gunzTarPerm extractEntry deps/libexpat/tests/minicheck.c
674 silly gunzTarPerm modified mode [ 'deps/libexpat/tests/minicheck.c', 420, 438 ]
675 silly gunzTarPerm extractEntry deps/libexpat/tests/minicheck.h
676 silly gunzTarPerm modified mode [ 'deps/libexpat/tests/minicheck.h', 420, 438 ]
677 silly gunzTarPerm extractEntry deps/libexpat/tests/runtests.c
678 silly gunzTarPerm modified mode [ 'deps/libexpat/tests/runtests.c', 420, 438 ]
679 silly gunzTarPerm extractEntry deps/libexpat/tests/runtestspp.cpp
680 silly gunzTarPerm modified mode [ 'deps/libexpat/tests/runtestspp.cpp', 420, 438 ]
681 silly gunzTarPerm extractEntry deps/libexpat/tests/xmltest.sh
682 silly gunzTarPerm modified mode [ 'deps/libexpat/tests/xmltest.sh', 493, 511 ]
683 silly gunzTarPerm extractEntry deps/libexpat/win32/MANIFEST.txt
684 silly gunzTarPerm modified mode [ 'deps/libexpat/win32/MANIFEST.txt', 420, 438 ]
685 silly gunzTarPerm extractEntry deps/libexpat/win32/README.txt
686 silly gunzTarPerm modified mode [ 'deps/libexpat/win32/README.txt', 420, 438 ]
687 silly gunzTarPerm extractEntry deps/libexpat/win32/expat.iss
688 silly gunzTarPerm modified mode [ 'deps/libexpat/win32/expat.iss', 420, 438 ]
689 silly gunzTarPerm extractEntry deps/libexpat/xmlwf/xmlfile.c
690 silly gunzTarPerm modified mode [ 'deps/libexpat/xmlwf/xmlfile.c', 420, 438 ]
691 silly gunzTarPerm extractEntry deps/libexpat/xmlwf/codepage.c
692 silly gunzTarPerm modified mode [ 'deps/libexpat/xmlwf/codepage.c', 420, 438 ]
693 silly gunzTarPerm extractEntry deps/libexpat/xmlwf/ct.c
694 silly gunzTarPerm modified mode [ 'deps/libexpat/xmlwf/ct.c', 420, 438 ]
695 silly gunzTarPerm extractEntry deps/libexpat/xmlwf/filemap.h
696 silly gunzTarPerm modified mode [ 'deps/libexpat/xmlwf/filemap.h', 420, 438 ]
697 silly gunzTarPerm extractEntry deps/libexpat/xmlwf/readfilemap.c
698 silly gunzTarPerm modified mode [ 'deps/libexpat/xmlwf/readfilemap.c', 420, 438 ]
699 silly gunzTarPerm extractEntry deps/libexpat/xmlwf/unixfilemap.c
700 silly gunzTarPerm modified mode [ 'deps/libexpat/xmlwf/unixfilemap.c', 420, 438 ]
701 silly gunzTarPerm extractEntry deps/libexpat/xmlwf/win32filemap.c
702 silly gunzTarPerm modified mode [ 'deps/libexpat/xmlwf/win32filemap.c', 420, 438 ]
703 silly gunzTarPerm extractEntry deps/libexpat/xmlwf/codepage.h
704 silly gunzTarPerm modified mode [ 'deps/libexpat/xmlwf/codepage.h', 420, 438 ]
705 silly gunzTarPerm extractEntry deps/libexpat/xmlwf/xmlfile.h
706 silly gunzTarPerm modified mode [ 'deps/libexpat/xmlwf/xmlfile.h', 420, 438 ]
707 silly gunzTarPerm extractEntry deps/libexpat/xmlwf/xmlmime.c
708 silly gunzTarPerm modified mode [ 'deps/libexpat/xmlwf/xmlmime.c', 420, 438 ]
709 silly gunzTarPerm extractEntry deps/libexpat/xmlwf/xmlmime.h
710 silly gunzTarPerm modified mode [ 'deps/libexpat/xmlwf/xmlmime.h', 420, 438 ]
711 silly gunzTarPerm extractEntry deps/libexpat/xmlwf/xmltchar.h
712 silly gunzTarPerm modified mode [ 'deps/libexpat/xmlwf/xmltchar.h', 420, 438 ]
713 silly gunzTarPerm extractEntry deps/libexpat/xmlwf/xmlurl.h
714 silly gunzTarPerm modified mode [ 'deps/libexpat/xmlwf/xmlurl.h', 420, 438 ]
715 silly gunzTarPerm extractEntry deps/libexpat/xmlwf/xmlwf.c
716 silly gunzTarPerm modified mode [ 'deps/libexpat/xmlwf/xmlwf.c', 420, 438 ]
717 silly gunzTarPerm extractEntry deps/libexpat/xmlwf/xmlwin32url.cxx
718 silly gunzTarPerm modified mode [ 'deps/libexpat/xmlwf/xmlwin32url.cxx', 420, 438 ]
719 silly gunzTarPerm extractEntry lib/node-expat.js
720 silly gunzTarPerm modified mode [ 'lib/node-expat.js', 420, 438 ]
721 silly gunzTarPerm extractEntry node-expat.cc
722 silly gunzTarPerm modified mode [ 'node-expat.cc', 420, 438 ]
723 silly gunzTarPerm extractEntry yarn.lock
724 silly gunzTarPerm modified mode [ 'yarn.lock', 420, 438 ]
725 silly gentlyRm C:\work\Training\SupportBank\node_modules\.staging\xml2json-41618db2\node_modules is being purged
726 verbose gentlyRm don't care about contents; nuking C:\work\Training\SupportBank\node_modules\.staging\xml2json-41618db2\node_modules
727 silly gentlyRm C:\work\Training\SupportBank\node_modules\.staging\nan-fa19c316\node_modules is being purged
728 verbose gentlyRm don't care about contents; nuking C:\work\Training\SupportBank\node_modules\.staging\nan-fa19c316\node_modules
729 silly gentlyRm C:\work\Training\SupportBank\node_modules\.staging\node-expat-06b88ed2\node_modules is being purged
730 verbose gentlyRm don't care about contents; nuking C:\work\Training\SupportBank\node_modules\.staging\node-expat-06b88ed2\node_modules
731 silly doParallel preinstall 5
732 silly preinstall bindings@1.2.1 C:\work\Training\SupportBank\node_modules\.staging\bindings-af332092
733 info lifecycle bindings@1.2.1~preinstall: bindings@1.2.1
734 silly preinstall nan@2.6.2 C:\work\Training\SupportBank\node_modules\.staging\nan-fa19c316
735 info lifecycle nan@2.6.2~preinstall: nan@2.6.2
736 silly preinstall node-expat@2.3.16 C:\work\Training\SupportBank\node_modules\.staging\node-expat-06b88ed2
737 info lifecycle node-expat@2.3.16~preinstall: node-expat@2.3.16
738 silly preinstall hoek@4.1.1 C:\work\Training\SupportBank\node_modules\.staging\hoek-f25da300
739 info lifecycle hoek@4.1.1~preinstall: hoek@4.1.1
740 silly preinstall xml2json@0.11.0 C:\work\Training\SupportBank\node_modules\.staging\xml2json-41618db2
741 info lifecycle xml2json@0.11.0~preinstall: xml2json@0.11.0
742 silly lifecycle bindings@1.2.1~preinstall: no script for preinstall, continuing
743 silly lifecycle nan@2.6.2~preinstall: no script for preinstall, continuing
744 silly lifecycle node-expat@2.3.16~preinstall: no script for preinstall, continuing
745 silly lifecycle hoek@4.1.1~preinstall: no script for preinstall, continuing
746 silly lifecycle xml2json@0.11.0~preinstall: no script for preinstall, continuing
747 silly doReverseSerial remove 0
748 silly doSerial move 0
749 silly doSerial finalize 5
750 silly finalize C:\work\Training\SupportBank\node_modules\bindings
751 silly finalize C:\work\Training\SupportBank\node_modules\nan
752 silly finalize C:\work\Training\SupportBank\node_modules\node-expat
753 silly finalize C:\work\Training\SupportBank\node_modules\xml2json\node_modules\hoek
754 silly finalize C:\work\Training\SupportBank\node_modules\xml2json
755 silly doSerial build 5
756 silly build bindings@1.2.1
757 info linkStuff bindings@1.2.1
758 silly linkStuff bindings@1.2.1 has C:\work\Training\SupportBank\node_modules as its parent node_modules
759 verbose linkBins bindings@1.2.1
760 verbose linkMans bindings@1.2.1
761 silly build nan@2.6.2
762 info linkStuff nan@2.6.2
763 silly linkStuff nan@2.6.2 has C:\work\Training\SupportBank\node_modules as its parent node_modules
764 verbose linkBins nan@2.6.2
765 verbose linkMans nan@2.6.2
766 silly build node-expat@2.3.16
767 info linkStuff node-expat@2.3.16
768 silly linkStuff node-expat@2.3.16 has C:\work\Training\SupportBank\node_modules as its parent node_modules
769 verbose linkBins node-expat@2.3.16
770 verbose linkMans node-expat@2.3.16
771 silly build hoek@4.1.1
772 info linkStuff hoek@4.1.1
773 silly linkStuff hoek@4.1.1 has C:\work\Training\SupportBank\node_modules\xml2json\node_modules as its parent node_modules
774 verbose linkBins hoek@4.1.1
775 verbose linkMans hoek@4.1.1
776 silly build xml2json@0.11.0
777 info linkStuff xml2json@0.11.0
778 silly linkStuff xml2json@0.11.0 has C:\work\Training\SupportBank\node_modules as its parent node_modules
779 verbose linkBins xml2json@0.11.0
780 verbose link bins [ { xml2json: 'bin/xml2json' },
780 verbose link bins   'C:\\work\\Training\\SupportBank\\node_modules\\.bin',
780 verbose link bins   false ]
781 verbose linkMans xml2json@0.11.0
782 silly doSerial global-link 0
783 silly doParallel update-linked 0
784 silly doSerial install 5
785 silly install bindings@1.2.1 C:\work\Training\SupportBank\node_modules\.staging\bindings-af332092
786 info lifecycle bindings@1.2.1~install: bindings@1.2.1
787 silly lifecycle bindings@1.2.1~install: no script for install, continuing
788 silly install nan@2.6.2 C:\work\Training\SupportBank\node_modules\.staging\nan-fa19c316
789 info lifecycle nan@2.6.2~install: nan@2.6.2
790 silly lifecycle nan@2.6.2~install: no script for install, continuing
791 silly install node-expat@2.3.16 C:\work\Training\SupportBank\node_modules\.staging\node-expat-06b88ed2
792 info lifecycle node-expat@2.3.16~install: node-expat@2.3.16
793 verbose lifecycle node-expat@2.3.16~install: unsafe-perm in lifecycle true
794 verbose lifecycle node-expat@2.3.16~install: PATH: C:\Program Files\nodejs\node_modules\npm\bin\node-gyp-bin;C:\work\Training\SupportBank\node_modules\node-expat\node_modules\.bin;C:\work\Training\SupportBank\node_modules\.bin;C:\ProgramData\Oracle\Java\javapath;C:\WINDOWS\system32;C:\WINDOWS;C:\WINDOWS\System32\Wbem;C:\WINDOWS\System32\WindowsPowerShell\v1.0\;C:\Program Files (x86)\Skype\Phone\;C:\Program Files\nodejs\;C:\Program Files\Git\cmd;C:\Users\MAB\AppData\Local\Microsoft\WindowsApps;;C:\Program Files (x86)\Microsoft VS Code\bin;C:\Users\MAB\AppData\Roaming\npm
795 verbose lifecycle node-expat@2.3.16~install: CWD: C:\work\Training\SupportBank\node_modules\node-expat
796 silly lifecycle node-expat@2.3.16~install: Args: [ '/d /s /c', 'node-gyp rebuild' ]
797 silly lifecycle node-expat@2.3.16~install: Returned: code: 1  signal: null
798 info lifecycle node-expat@2.3.16~install: Failed to exec install script
799 verbose unlock done using C:\Users\MAB\AppData\Roaming\npm-cache\_locks\staging-f5d6e4e49ec3a79e.lock for C:\work\Training\SupportBank\node_modules\.staging
800 silly rollbackFailedOptional Starting
801 silly rollbackFailedOptional Finishing
802 silly runTopLevelLifecycles Finishing
803 silly install printInstalled
804 warn tstemplate@1.0.0 No repository field.
805 verbose If you need help, you may report this error at:
805 verbose     <https://github.com/npm/npm/issues>
806 verbose stack Error: node-expat@2.3.16 install: `node-gyp rebuild`
806 verbose stack Exit status 1
806 verbose stack     at EventEmitter.<anonymous> (C:\Program Files\nodejs\node_modules\npm\lib\utils\lifecycle.js:255:16)
806 verbose stack     at emitTwo (events.js:106:13)
806 verbose stack     at EventEmitter.emit (events.js:191:7)
806 verbose stack     at ChildProcess.<anonymous> (C:\Program Files\nodejs\node_modules\npm\lib\utils\spawn.js:40:14)
806 verbose stack     at emitTwo (events.js:106:13)
806 verbose stack     at ChildProcess.emit (events.js:191:7)
806 verbose stack     at maybeClose (internal/child_process.js:891:16)
806 verbose stack     at Process.ChildProcess._handle.onexit (internal/child_process.js:226:5)
807 verbose pkgid node-expat@2.3.16
808 verbose cwd C:\work\Training\SupportBank
809 error Windows_NT 10.0.14393
810 error argv "C:\\Program Files\\nodejs\\node.exe" "C:\\Program Files\\nodejs\\node_modules\\npm\\bin\\npm-cli.js" "install" "xml2json"
811 error node v6.11.0
812 error npm  v3.10.10
813 error code ELIFECYCLE
814 error node-expat@2.3.16 install: `node-gyp rebuild`
814 error Exit status 1
815 error Failed at the node-expat@2.3.16 install script 'node-gyp rebuild'.
815 error Make sure you have the latest version of node.js and npm installed.
815 error If you do, this is most likely a problem with the node-expat package,
815 error not with npm itself.
815 error Tell the author that this fails on your system:
815 error     node-gyp rebuild
815 error You can get information on how to open an issue for this project with:
815 error     npm bugs node-expat
815 error Or if that isn't available, you can get their info via:
815 error     npm owner ls node-expat
815 error There is likely additional logging output above.
816 verbose exit [ 1, true ]
